[debug] [2025-10-22T11:38:41.856Z] ----------------------------------------------------------------------
[debug] [2025-10-22T11:38:41.861Z] Command:       /usr/local/bin/node /usr/local/bin/firebase deploy --only functions,hosting
[debug] [2025-10-22T11:38:41.861Z] CLI Version:   14.19.1
[debug] [2025-10-22T11:38:41.861Z] Platform:      darwin
[debug] [2025-10-22T11:38:41.861Z] Node Version:  v22.20.0
[debug] [2025-10-22T11:38:41.861Z] Time:          Wed Oct 22 2025 13:38:41 GMT+0200 (Central European Summer Time)
[debug] [2025-10-22T11:38:41.861Z] ----------------------------------------------------------------------
[debug] 
[debug] [2025-10-22T11:38:41.938Z] > command requires scopes: ["email","openid","https://www.googleapis.com/auth/cloudplatformprojects.readonly","https://www.googleapis.com/auth/firebase","https://www.googleapis.com/auth/cloud-platform"]
[debug] [2025-10-22T11:38:41.938Z] > authorizing via signed-in user (ben.bredl@gmail.com)
[debug] [2025-10-22T11:38:41.938Z] [iam] checking project sequence-five for permissions ["cloudfunctions.functions.create","cloudfunctions.functions.delete","cloudfunctions.functions.get","cloudfunctions.functions.list","cloudfunctions.functions.update","cloudfunctions.operations.get","firebase.projects.get","firebasehosting.sites.update"]
[debug] [2025-10-22T11:38:41.939Z] Checked if tokens are valid: true, expires at: 1761135327112
[debug] [2025-10-22T11:38:41.939Z] Checked if tokens are valid: true, expires at: 1761135327112
[debug] [2025-10-22T11:38:41.939Z] >>> [apiv2][query] POST https://cloudresourcemanager.googleapis.com/v1/projects/sequence-five:testIamPermissions [none]
[debug] [2025-10-22T11:38:41.939Z] >>> [apiv2][(partial)header] POST https://cloudresourcemanager.googleapis.com/v1/projects/sequence-five:testIamPermissions x-goog-quota-user=projects/sequence-five
[debug] [2025-10-22T11:38:41.939Z] >>> [apiv2][body] POST https://cloudresourcemanager.googleapis.com/v1/projects/sequence-five:testIamPermissions {"permissions":["cloudfunctions.functions.create","cloudfunctions.functions.delete","cloudfunctions.functions.get","cloudfunctions.functions.list","cloudfunctions.functions.update","cloudfunctions.operations.get","firebase.projects.get","firebasehosting.sites.update"]}
[debug] [2025-10-22T11:38:42.731Z] <<< [apiv2][status] POST https://cloudresourcemanager.googleapis.com/v1/projects/sequence-five:testIamPermissions 200
[debug] [2025-10-22T11:38:42.732Z] <<< [apiv2][body] POST https://cloudresourcemanager.googleapis.com/v1/projects/sequence-five:testIamPermissions {"permissions":["cloudfunctions.functions.create","cloudfunctions.functions.delete","cloudfunctions.functions.get","cloudfunctions.functions.list","cloudfunctions.functions.update","cloudfunctions.operations.get","firebase.projects.get","firebasehosting.sites.update"]}
[debug] [2025-10-22T11:38:42.732Z] Checked if tokens are valid: true, expires at: 1761135327112
[debug] [2025-10-22T11:38:42.732Z] Checked if tokens are valid: true, expires at: 1761135327112
[debug] [2025-10-22T11:38:42.732Z] >>> [apiv2][query] POST https://iam.googleapis.com/v1/projects/sequence-five/serviceAccounts/sequence-five@appspot.gserviceaccount.com:testIamPermissions [none]
[debug] [2025-10-22T11:38:42.732Z] >>> [apiv2][body] POST https://iam.googleapis.com/v1/projects/sequence-five/serviceAccounts/sequence-five@appspot.gserviceaccount.com:testIamPermissions {"permissions":["iam.serviceAccounts.actAs"]}
[debug] [2025-10-22T11:38:43.475Z] <<< [apiv2][status] POST https://iam.googleapis.com/v1/projects/sequence-five/serviceAccounts/sequence-five@appspot.gserviceaccount.com:testIamPermissions 200
[debug] [2025-10-22T11:38:43.475Z] <<< [apiv2][body] POST https://iam.googleapis.com/v1/projects/sequence-five/serviceAccounts/sequence-five@appspot.gserviceaccount.com:testIamPermissions {"permissions":["iam.serviceAccounts.actAs"]}
[debug] [2025-10-22T11:38:43.476Z] Checked if tokens are valid: true, expires at: 1761135327112
[debug] [2025-10-22T11:38:43.476Z] Checked if tokens are valid: true, expires at: 1761135327112
[debug] [2025-10-22T11:38:43.476Z] >>> [apiv2][query] GET https://firebase.googleapis.com/v1beta1/projects/sequence-five [none]
[debug] [2025-10-22T11:38:43.759Z] <<< [apiv2][status] GET https://firebase.googleapis.com/v1beta1/projects/sequence-five 200
[debug] [2025-10-22T11:38:43.759Z] <<< [apiv2][body] GET https://firebase.googleapis.com/v1beta1/projects/sequence-five {"projectId":"sequence-five","projectNumber":"389387301927","displayName":"Sequence Five","name":"projects/sequence-five","resources":{"hostingSite":"sequence-five"},"state":"ACTIVE","etag":"1_55ce3746-bbca-45c9-97a8-1fe531150988"}
[info] 
[info] === Deploying to 'sequence-five'...
[info] 
[info] i  deploying functions, hosting 
[debug] [2025-10-22T11:38:43.763Z] Checked if tokens are valid: true, expires at: 1761135327112
[debug] [2025-10-22T11:38:43.763Z] Checked if tokens are valid: true, expires at: 1761135327112
[debug] [2025-10-22T11:38:43.763Z] >>> [apiv2][query] GET https://cloudresourcemanager.googleapis.com/v1/projects/sequence-five [none]
[debug] [2025-10-22T11:38:43.958Z] <<< [apiv2][status] GET https://cloudresourcemanager.googleapis.com/v1/projects/sequence-five 200
[debug] [2025-10-22T11:38:43.958Z] <<< [apiv2][body] GET https://cloudresourcemanager.googleapis.com/v1/projects/sequence-five {"projectNumber":"389387301927","projectId":"sequence-five","lifecycleState":"ACTIVE","name":"Sequence Five","labels":{"firebase":"enabled","firebase-core":"disabled"},"createTime":"2025-10-14T18:23:24.509711Z"}
[info] i  functions: preparing codebase default for deployment 
[info] i  functions: ensuring required API cloudfunctions.googleapis.com is enabled... 
[info] i  functions: ensuring required API cloudbuild.googleapis.com is enabled... 
[info] i  artifactregistry: ensuring required API artifactregistry.googleapis.com is enabled... 
[debug] [2025-10-22T11:38:43.960Z] Checked if tokens are valid: true, expires at: 1761135327112
[debug] [2025-10-22T11:38:43.961Z] Checked if tokens are valid: true, expires at: 1761135327112
[debug] [2025-10-22T11:38:43.961Z] >>> [apiv2][query] GET https://firebase.googleapis.com/v1beta1/projects/sequence-five/adminSdkConfig [none]
[debug] [2025-10-22T11:38:44.441Z] <<< [apiv2][status] GET https://firebase.googleapis.com/v1beta1/projects/sequence-five/adminSdkConfig 200
[debug] [2025-10-22T11:38:44.441Z] <<< [apiv2][body] GET https://firebase.googleapis.com/v1beta1/projects/sequence-five/adminSdkConfig {"projectId":"sequence-five","storageBucket":"sequence-five.firebasestorage.app"}
[debug] [2025-10-22T11:38:44.442Z] Checked if tokens are valid: true, expires at: 1761135327112
[debug] [2025-10-22T11:38:44.442Z] Checked if tokens are valid: true, expires at: 1761135327112
[debug] [2025-10-22T11:38:44.442Z] >>> [apiv2][query] GET https://runtimeconfig.googleapis.com/v1beta1/projects/sequence-five/configs [none]
[debug] [2025-10-22T11:38:44.713Z] <<< [apiv2][status] GET https://runtimeconfig.googleapis.com/v1beta1/projects/sequence-five/configs 200
[debug] [2025-10-22T11:38:44.713Z] <<< [apiv2][body] GET https://runtimeconfig.googleapis.com/v1beta1/projects/sequence-five/configs {}
[debug] [2025-10-22T11:38:44.714Z] Validating nodejs source
[warn] ⚠  functions: package.json indicates an outdated version of firebase-functions. Please upgrade using npm install --save firebase-functions@latest in your functions directory. 
[warn] ⚠  functions: Please note that there will be breaking changes when you upgrade. 
[debug] [2025-10-22T11:38:45.165Z] > [functions] package.json contents: {
  "name": "sequence-five-functions",
  "type": "module",
  "engines": {
    "node": "20"
  },
  "main": "index.js",
  "dependencies": {
    "express": "^4.19.2",
    "express-rate-limit": "^7.1.5",
    "firebase-admin": "^12.6.0",
    "firebase-functions": "^5.1.0",
    "sharp": "^0.33.4",
    "uuid": "^9.0.1"
  }
}
[debug] [2025-10-22T11:38:45.165Z] Building nodejs source
[info] i  functions: Loading and analyzing source code for codebase default to determine what to deploy 
[debug] [2025-10-22T11:38:45.166Z] Could not find functions.yaml. Must use http discovery
[debug] [2025-10-22T11:38:45.170Z] Found firebase-functions binary at '/Users/benbredl/Desktop/Video Generator/nano-banana-firebase/functions/node_modules/.bin/firebase-functions'
[info] Serving at port 8519

[debug] [2025-10-22T11:38:45.573Z] Got response from /__/functions.yaml {"endpoints":{"previews":{"platform":"gcfv2","availableMemoryMb":null,"timeoutSeconds":null,"minInstances":null,"maxInstances":null,"ingressSettings":null,"concurrency":null,"serviceAccountEmail":null,"vpc":null,"region":["europe-west3"],"labels":{},"eventTrigger":{"eventType":"google.cloud.storage.object.v1.finalized","eventFilters":{"bucket":"sequence-five.firebasestorage.app"},"retry":false},"entryPoint":"previews"},"web":{"availableMemoryMb":null,"timeoutSeconds":null,"minInstances":null,"maxInstances":null,"ingressSettings":null,"concurrency":null,"serviceAccountEmail":null,"vpc":null,"platform":"gcfv2","region":["europe-west3"],"secretEnvironmentVariables":[{"key":"GOOGLE_API_KEY"},{"key":"BASIC_AUTH_USER"},{"key":"BASIC_AUTH_PASS"},{"key":"FIREBASE_STORAGE_BUCKET"},{"key":"PRICE_GEMINI_TEXT_INPUT_USD_PER_1M"},{"key":"PRICE_GEMINI_TEXT_OUTPUT_USD_PER_1M"},{"key":"PRICE_GEMINI_IMAGE_PER_IMAGE_USD"},{"key":"PRICE_NOTE"}],"labels":{},"httpsTrigger":{},"entryPoint":"web"}},"specVersion":"v1alpha1","requiredAPIs":[],"extensions":{},"params":[{"type":"secret","name":"GOOGLE_API_KEY"},{"type":"secret","name":"BASIC_AUTH_USER"},{"type":"secret","name":"BASIC_AUTH_PASS"},{"type":"secret","name":"FIREBASE_STORAGE_BUCKET"},{"type":"secret","name":"PRICE_GEMINI_TEXT_INPUT_USD_PER_1M"},{"type":"secret","name":"PRICE_GEMINI_TEXT_OUTPUT_USD_PER_1M"},{"type":"secret","name":"PRICE_GEMINI_IMAGE_PER_IMAGE_USD"},{"type":"secret","name":"PRICE_NOTE"}]}
[info] i  extensions: ensuring required API firebaseextensions.googleapis.com is enabled... 
[debug] [2025-10-22T11:38:49.590Z] > command requires scopes: ["email","openid","https://www.googleapis.com/auth/cloudplatformprojects.readonly","https://www.googleapis.com/auth/firebase","https://www.googleapis.com/auth/cloud-platform"]
[debug] [2025-10-22T11:38:49.590Z] > authorizing via signed-in user (ben.bredl@gmail.com)
[debug] [2025-10-22T11:38:49.590Z] [iam] checking project sequence-five for permissions ["firebase.projects.get","firebaseextensions.instances.list"]
[debug] [2025-10-22T11:38:49.590Z] Checked if tokens are valid: true, expires at: 1761135327112
[debug] [2025-10-22T11:38:49.590Z] Checked if tokens are valid: true, expires at: 1761135327112
[debug] [2025-10-22T11:38:49.590Z] >>> [apiv2][query] POST https://cloudresourcemanager.googleapis.com/v1/projects/sequence-five:testIamPermissions [none]
[debug] [2025-10-22T11:38:49.590Z] >>> [apiv2][(partial)header] POST https://cloudresourcemanager.googleapis.com/v1/projects/sequence-five:testIamPermissions x-goog-quota-user=projects/sequence-five
[debug] [2025-10-22T11:38:49.590Z] >>> [apiv2][body] POST https://cloudresourcemanager.googleapis.com/v1/projects/sequence-five:testIamPermissions {"permissions":["firebase.projects.get","firebaseextensions.instances.list"]}
[debug] [2025-10-22T11:38:50.350Z] <<< [apiv2][status] POST https://cloudresourcemanager.googleapis.com/v1/projects/sequence-five:testIamPermissions 200
[debug] [2025-10-22T11:38:50.351Z] <<< [apiv2][body] POST https://cloudresourcemanager.googleapis.com/v1/projects/sequence-five:testIamPermissions {"permissions":["firebase.projects.get","firebaseextensions.instances.list"]}
[debug] [2025-10-22T11:38:50.351Z] Checked if tokens are valid: true, expires at: 1761135327112
[debug] [2025-10-22T11:38:50.352Z] Checked if tokens are valid: true, expires at: 1761135327112
[debug] [2025-10-22T11:38:50.352Z] >>> [apiv2][query] GET https://firebaseextensions.googleapis.com/v1beta/projects/sequence-five/instances pageSize=100&pageToken=
[debug] [2025-10-22T11:38:51.208Z] <<< [apiv2][status] GET https://firebaseextensions.googleapis.com/v1beta/projects/sequence-five/instances 200
[debug] [2025-10-22T11:38:51.208Z] <<< [apiv2][body] GET https://firebaseextensions.googleapis.com/v1beta/projects/sequence-five/instances {}
[debug] [2025-10-22T11:38:51.211Z] Checked if tokens are valid: true, expires at: 1761135327112
[debug] [2025-10-22T11:38:51.211Z] Checked if tokens are valid: true, expires at: 1761135327112
[debug] [2025-10-22T11:38:51.211Z] >>> [apiv2][query] GET https://secretmanager.googleapis.com/v1/projects/sequence-five/secrets/GOOGLE_API_KEY [none]
[debug] [2025-10-22T11:38:51.467Z] <<< [apiv2][status] GET https://secretmanager.googleapis.com/v1/projects/sequence-five/secrets/GOOGLE_API_KEY 200
[debug] [2025-10-22T11:38:51.467Z] <<< [apiv2][body] GET https://secretmanager.googleapis.com/v1/projects/sequence-five/secrets/GOOGLE_API_KEY {"name":"projects/389387301927/secrets/GOOGLE_API_KEY","replication":{"automatic":{}},"createTime":"2025-10-14T19:00:14.216475Z","labels":{"firebase-managed":"functions"},"etag":"\"164122fe885601\""}
[debug] [2025-10-22T11:38:51.468Z] Checked if tokens are valid: true, expires at: 1761135327112
[debug] [2025-10-22T11:38:51.468Z] Checked if tokens are valid: true, expires at: 1761135327112
[debug] [2025-10-22T11:38:51.468Z] >>> [apiv2][query] GET https://secretmanager.googleapis.com/v1/projects/sequence-five/secrets/GOOGLE_API_KEY/versions/latest [none]
[debug] [2025-10-22T11:38:51.633Z] <<< [apiv2][status] GET https://secretmanager.googleapis.com/v1/projects/sequence-five/secrets/GOOGLE_API_KEY/versions/latest 200
[debug] [2025-10-22T11:38:51.633Z] <<< [apiv2][body] GET https://secretmanager.googleapis.com/v1/projects/sequence-five/secrets/GOOGLE_API_KEY/versions/latest {"name":"projects/389387301927/secrets/GOOGLE_API_KEY/versions/2","createTime":"2025-10-15T08:35:34.669340Z","state":"ENABLED","replicationStatus":{"automatic":{}},"etag":"\"16412e625a981c\"","clientSpecifiedPayloadChecksum":true}
[debug] [2025-10-22T11:38:51.634Z] Checked if tokens are valid: true, expires at: 1761135327112
[debug] [2025-10-22T11:38:51.634Z] Checked if tokens are valid: true, expires at: 1761135327112
[debug] [2025-10-22T11:38:51.634Z] >>> [apiv2][query] GET https://secretmanager.googleapis.com/v1/projects/sequence-five/secrets/BASIC_AUTH_USER [none]
[debug] [2025-10-22T11:38:51.797Z] <<< [apiv2][status] GET https://secretmanager.googleapis.com/v1/projects/sequence-five/secrets/BASIC_AUTH_USER 200
[debug] [2025-10-22T11:38:51.798Z] <<< [apiv2][body] GET https://secretmanager.googleapis.com/v1/projects/sequence-five/secrets/BASIC_AUTH_USER {"name":"projects/389387301927/secrets/BASIC_AUTH_USER","replication":{"automatic":{}},"createTime":"2025-10-14T19:00:50.377026Z","labels":{"firebase-managed":"functions"},"etag":"\"16412300ab2dab\""}
[debug] [2025-10-22T11:38:51.798Z] Checked if tokens are valid: true, expires at: 1761135327112
[debug] [2025-10-22T11:38:51.798Z] Checked if tokens are valid: true, expires at: 1761135327112
[debug] [2025-10-22T11:38:51.798Z] >>> [apiv2][query] GET https://secretmanager.googleapis.com/v1/projects/sequence-five/secrets/BASIC_AUTH_USER/versions/latest [none]
[debug] [2025-10-22T11:38:51.962Z] <<< [apiv2][status] GET https://secretmanager.googleapis.com/v1/projects/sequence-five/secrets/BASIC_AUTH_USER/versions/latest 200
[debug] [2025-10-22T11:38:51.963Z] <<< [apiv2][body] GET https://secretmanager.googleapis.com/v1/projects/sequence-five/secrets/BASIC_AUTH_USER/versions/latest {"name":"projects/389387301927/secrets/BASIC_AUTH_USER/versions/1","createTime":"2025-10-14T19:01:06.386361Z","state":"ENABLED","replicationStatus":{"automatic":{}},"etag":"\"1641230193c5b9\""}
[debug] [2025-10-22T11:38:51.963Z] Checked if tokens are valid: true, expires at: 1761135327112
[debug] [2025-10-22T11:38:51.964Z] Checked if tokens are valid: true, expires at: 1761135327112
[debug] [2025-10-22T11:38:51.964Z] >>> [apiv2][query] GET https://secretmanager.googleapis.com/v1/projects/sequence-five/secrets/BASIC_AUTH_PASS [none]
[debug] [2025-10-22T11:38:52.106Z] <<< [apiv2][status] GET https://secretmanager.googleapis.com/v1/projects/sequence-five/secrets/BASIC_AUTH_PASS 200
[debug] [2025-10-22T11:38:52.107Z] <<< [apiv2][body] GET https://secretmanager.googleapis.com/v1/projects/sequence-five/secrets/BASIC_AUTH_PASS {"name":"projects/389387301927/secrets/BASIC_AUTH_PASS","replication":{"automatic":{}},"createTime":"2025-10-14T19:01:18.644345Z","labels":{"firebase-managed":"functions"},"etag":"\"164123025cef01\""}
[debug] [2025-10-22T11:38:52.107Z] Checked if tokens are valid: true, expires at: 1761135327112
[debug] [2025-10-22T11:38:52.107Z] Checked if tokens are valid: true, expires at: 1761135327112
[debug] [2025-10-22T11:38:52.108Z] >>> [apiv2][query] GET https://secretmanager.googleapis.com/v1/projects/sequence-five/secrets/BASIC_AUTH_PASS/versions/latest [none]
[debug] [2025-10-22T11:38:52.199Z] <<< [apiv2][status] GET https://secretmanager.googleapis.com/v1/projects/sequence-five/secrets/BASIC_AUTH_PASS/versions/latest 200
[debug] [2025-10-22T11:38:52.200Z] <<< [apiv2][body] GET https://secretmanager.googleapis.com/v1/projects/sequence-five/secrets/BASIC_AUTH_PASS/versions/latest {"name":"projects/389387301927/secrets/BASIC_AUTH_PASS/versions/1","createTime":"2025-10-14T19:01:33.669317Z","state":"ENABLED","replicationStatus":{"automatic":{}},"etag":"\"164123033413c5\""}
[debug] [2025-10-22T11:38:52.200Z] Checked if tokens are valid: true, expires at: 1761135327112
[debug] [2025-10-22T11:38:52.200Z] Checked if tokens are valid: true, expires at: 1761135327112
[debug] [2025-10-22T11:38:52.200Z] >>> [apiv2][query] GET https://secretmanager.googleapis.com/v1/projects/sequence-five/secrets/FIREBASE_STORAGE_BUCKET [none]
[debug] [2025-10-22T11:38:52.347Z] <<< [apiv2][status] GET https://secretmanager.googleapis.com/v1/projects/sequence-five/secrets/FIREBASE_STORAGE_BUCKET 200
[debug] [2025-10-22T11:38:52.348Z] <<< [apiv2][body] GET https://secretmanager.googleapis.com/v1/projects/sequence-five/secrets/FIREBASE_STORAGE_BUCKET {"name":"projects/389387301927/secrets/FIREBASE_STORAGE_BUCKET","replication":{"automatic":{}},"createTime":"2025-10-15T09:55:59.542816Z","etag":"\"16412f81fd955d\""}
[debug] [2025-10-22T11:38:52.348Z] Checked if tokens are valid: true, expires at: 1761135327112
[debug] [2025-10-22T11:38:52.348Z] Checked if tokens are valid: true, expires at: 1761135327112
[debug] [2025-10-22T11:38:52.348Z] >>> [apiv2][query] GET https://secretmanager.googleapis.com/v1/projects/sequence-five/secrets/FIREBASE_STORAGE_BUCKET/versions/latest [none]
[debug] [2025-10-22T11:38:52.492Z] <<< [apiv2][status] GET https://secretmanager.googleapis.com/v1/projects/sequence-five/secrets/FIREBASE_STORAGE_BUCKET/versions/latest 200
[debug] [2025-10-22T11:38:52.493Z] <<< [apiv2][body] GET https://secretmanager.googleapis.com/v1/projects/sequence-five/secrets/FIREBASE_STORAGE_BUCKET/versions/latest {"name":"projects/389387301927/secrets/FIREBASE_STORAGE_BUCKET/versions/1","createTime":"2025-10-15T09:56:02.471468Z","state":"ENABLED","replicationStatus":{"automatic":{}},"etag":"\"16412f821d022c\"","clientSpecifiedPayloadChecksum":true}
[debug] [2025-10-22T11:38:52.493Z] Checked if tokens are valid: true, expires at: 1761135327112
[debug] [2025-10-22T11:38:52.493Z] Checked if tokens are valid: true, expires at: 1761135327112
[debug] [2025-10-22T11:38:52.493Z] >>> [apiv2][query] GET https://secretmanager.googleapis.com/v1/projects/sequence-five/secrets/PRICE_GEMINI_TEXT_INPUT_USD_PER_1M [none]
[debug] [2025-10-22T11:38:52.638Z] <<< [apiv2][status] GET https://secretmanager.googleapis.com/v1/projects/sequence-five/secrets/PRICE_GEMINI_TEXT_INPUT_USD_PER_1M 200
[debug] [2025-10-22T11:38:52.638Z] <<< [apiv2][body] GET https://secretmanager.googleapis.com/v1/projects/sequence-five/secrets/PRICE_GEMINI_TEXT_INPUT_USD_PER_1M {"name":"projects/389387301927/secrets/PRICE_GEMINI_TEXT_INPUT_USD_PER_1M","replication":{"automatic":{}},"createTime":"2025-10-20T12:08:47.589477Z","etag":"\"164195f21fd0fd\""}
[debug] [2025-10-22T11:38:52.639Z] Checked if tokens are valid: true, expires at: 1761135327112
[debug] [2025-10-22T11:38:52.639Z] Checked if tokens are valid: true, expires at: 1761135327112
[debug] [2025-10-22T11:38:52.639Z] >>> [apiv2][query] GET https://secretmanager.googleapis.com/v1/projects/sequence-five/secrets/PRICE_GEMINI_TEXT_INPUT_USD_PER_1M/versions/latest [none]
[debug] [2025-10-22T11:38:52.783Z] <<< [apiv2][status] GET https://secretmanager.googleapis.com/v1/projects/sequence-five/secrets/PRICE_GEMINI_TEXT_INPUT_USD_PER_1M/versions/latest 200
[debug] [2025-10-22T11:38:52.783Z] <<< [apiv2][body] GET https://secretmanager.googleapis.com/v1/projects/sequence-five/secrets/PRICE_GEMINI_TEXT_INPUT_USD_PER_1M/versions/latest {"name":"projects/389387301927/secrets/PRICE_GEMINI_TEXT_INPUT_USD_PER_1M/versions/1","createTime":"2025-10-20T12:08:50.451122Z","state":"ENABLED","replicationStatus":{"automatic":{}},"etag":"\"164195f23f9ab2\"","clientSpecifiedPayloadChecksum":true}
[debug] [2025-10-22T11:38:52.784Z] Checked if tokens are valid: true, expires at: 1761135327112
[debug] [2025-10-22T11:38:52.784Z] Checked if tokens are valid: true, expires at: 1761135327112
[debug] [2025-10-22T11:38:52.784Z] >>> [apiv2][query] GET https://secretmanager.googleapis.com/v1/projects/sequence-five/secrets/PRICE_GEMINI_TEXT_OUTPUT_USD_PER_1M [none]
[debug] [2025-10-22T11:38:52.928Z] <<< [apiv2][status] GET https://secretmanager.googleapis.com/v1/projects/sequence-five/secrets/PRICE_GEMINI_TEXT_OUTPUT_USD_PER_1M 200
[debug] [2025-10-22T11:38:52.928Z] <<< [apiv2][body] GET https://secretmanager.googleapis.com/v1/projects/sequence-five/secrets/PRICE_GEMINI_TEXT_OUTPUT_USD_PER_1M {"name":"projects/389387301927/secrets/PRICE_GEMINI_TEXT_OUTPUT_USD_PER_1M","replication":{"automatic":{}},"createTime":"2025-10-20T12:09:05.931112Z","etag":"\"164195f33fc0f8\""}
[debug] [2025-10-22T11:38:52.928Z] Checked if tokens are valid: true, expires at: 1761135327112
[debug] [2025-10-22T11:38:52.928Z] Checked if tokens are valid: true, expires at: 1761135327112
[debug] [2025-10-22T11:38:52.929Z] >>> [apiv2][query] GET https://secretmanager.googleapis.com/v1/projects/sequence-five/secrets/PRICE_GEMINI_TEXT_OUTPUT_USD_PER_1M/versions/latest [none]
[debug] [2025-10-22T11:38:53.072Z] <<< [apiv2][status] GET https://secretmanager.googleapis.com/v1/projects/sequence-five/secrets/PRICE_GEMINI_TEXT_OUTPUT_USD_PER_1M/versions/latest 200
[debug] [2025-10-22T11:38:53.072Z] <<< [apiv2][body] GET https://secretmanager.googleapis.com/v1/projects/sequence-five/secrets/PRICE_GEMINI_TEXT_OUTPUT_USD_PER_1M/versions/latest {"name":"projects/389387301927/secrets/PRICE_GEMINI_TEXT_OUTPUT_USD_PER_1M/versions/1","createTime":"2025-10-20T12:09:08.757200Z","state":"ENABLED","replicationStatus":{"automatic":{}},"etag":"\"164195f356eed0\"","clientSpecifiedPayloadChecksum":true}
[debug] [2025-10-22T11:38:53.073Z] Checked if tokens are valid: true, expires at: 1761135327112
[debug] [2025-10-22T11:38:53.073Z] Checked if tokens are valid: true, expires at: 1761135327112
[debug] [2025-10-22T11:38:53.073Z] >>> [apiv2][query] GET https://secretmanager.googleapis.com/v1/projects/sequence-five/secrets/PRICE_GEMINI_IMAGE_PER_IMAGE_USD [none]
[debug] [2025-10-22T11:38:53.218Z] <<< [apiv2][status] GET https://secretmanager.googleapis.com/v1/projects/sequence-five/secrets/PRICE_GEMINI_IMAGE_PER_IMAGE_USD 200
[debug] [2025-10-22T11:38:53.218Z] <<< [apiv2][body] GET https://secretmanager.googleapis.com/v1/projects/sequence-five/secrets/PRICE_GEMINI_IMAGE_PER_IMAGE_USD {"name":"projects/389387301927/secrets/PRICE_GEMINI_IMAGE_PER_IMAGE_USD","replication":{"automatic":{}},"createTime":"2025-10-16T13:14:01.114399Z","etag":"\"1641466411665d\""}
[debug] [2025-10-22T11:38:53.219Z] Checked if tokens are valid: true, expires at: 1761135327112
[debug] [2025-10-22T11:38:53.219Z] Checked if tokens are valid: true, expires at: 1761135327112
[debug] [2025-10-22T11:38:53.219Z] >>> [apiv2][query] GET https://secretmanager.googleapis.com/v1/projects/sequence-five/secrets/PRICE_GEMINI_IMAGE_PER_IMAGE_USD/versions/latest [none]
[debug] [2025-10-22T11:38:53.364Z] <<< [apiv2][status] GET https://secretmanager.googleapis.com/v1/projects/sequence-five/secrets/PRICE_GEMINI_IMAGE_PER_IMAGE_USD/versions/latest 200
[debug] [2025-10-22T11:38:53.364Z] <<< [apiv2][body] GET https://secretmanager.googleapis.com/v1/projects/sequence-five/secrets/PRICE_GEMINI_IMAGE_PER_IMAGE_USD/versions/latest {"name":"projects/389387301927/secrets/PRICE_GEMINI_IMAGE_PER_IMAGE_USD/versions/2","createTime":"2025-10-20T12:10:07.747862Z","state":"ENABLED","replicationStatus":{"automatic":{}},"etag":"\"164195f6db0f16\"","clientSpecifiedPayloadChecksum":true}
[debug] [2025-10-22T11:38:53.365Z] Checked if tokens are valid: true, expires at: 1761135327112
[debug] [2025-10-22T11:38:53.365Z] Checked if tokens are valid: true, expires at: 1761135327112
[debug] [2025-10-22T11:38:53.365Z] >>> [apiv2][query] GET https://secretmanager.googleapis.com/v1/projects/sequence-five/secrets/PRICE_NOTE [none]
[debug] [2025-10-22T11:38:53.508Z] <<< [apiv2][status] GET https://secretmanager.googleapis.com/v1/projects/sequence-five/secrets/PRICE_NOTE 200
[debug] [2025-10-22T11:38:53.508Z] <<< [apiv2][body] GET https://secretmanager.googleapis.com/v1/projects/sequence-five/secrets/PRICE_NOTE {"name":"projects/389387301927/secrets/PRICE_NOTE","replication":{"automatic":{}},"createTime":"2025-10-20T12:21:12.827777Z","labels":{"firebase-managed":"functions"},"etag":"\"1641961e83f94b\""}
[debug] [2025-10-22T11:38:53.509Z] Checked if tokens are valid: true, expires at: 1761135327112
[debug] [2025-10-22T11:38:53.509Z] Checked if tokens are valid: true, expires at: 1761135327112
[debug] [2025-10-22T11:38:53.509Z] >>> [apiv2][query] GET https://secretmanager.googleapis.com/v1/projects/sequence-five/secrets/PRICE_NOTE/versions/latest [none]
[debug] [2025-10-22T11:38:53.652Z] <<< [apiv2][status] GET https://secretmanager.googleapis.com/v1/projects/sequence-five/secrets/PRICE_NOTE/versions/latest 200
[debug] [2025-10-22T11:38:53.652Z] <<< [apiv2][body] GET https://secretmanager.googleapis.com/v1/projects/sequence-five/secrets/PRICE_NOTE/versions/latest {"name":"projects/389387301927/secrets/PRICE_NOTE/versions/1","createTime":"2025-10-20T12:21:22.144746Z","state":"ENABLED","replicationStatus":{"automatic":{}},"etag":"\"1641961f0d89ea\""}
[info] i  functions: preparing functions directory for uploading... 
[info] i  functions: packaged /Users/benbredl/Desktop/Video Generator/nano-banana-firebase/functions (79.5 KB) for uploading 
[debug] [2025-10-22T11:38:53.722Z] Checked if tokens are valid: true, expires at: 1761135327112
[debug] [2025-10-22T11:38:53.722Z] Checked if tokens are valid: true, expires at: 1761135327112
[debug] [2025-10-22T11:38:53.722Z] >>> [apiv2][query] GET https://cloudfunctions.googleapis.com/v1/projects/sequence-five/locations/-/functions [none]
[debug] [2025-10-22T11:38:54.887Z] <<< [apiv2][status] GET https://cloudfunctions.googleapis.com/v1/projects/sequence-five/locations/-/functions 200
[debug] [2025-10-22T11:38:54.887Z] <<< [apiv2][body] GET https://cloudfunctions.googleapis.com/v1/projects/sequence-five/locations/-/functions {}
[debug] [2025-10-22T11:38:54.888Z] Checked if tokens are valid: true, expires at: 1761135327112
[debug] [2025-10-22T11:38:54.888Z] Checked if tokens are valid: true, expires at: 1761135327112
[debug] [2025-10-22T11:38:54.888Z] >>> [apiv2][query] GET https://cloudfunctions.googleapis.com/v2/projects/sequence-five/locations/-/functions filter=environment%3D%22GEN_2%22
[debug] [2025-10-22T11:38:55.951Z] <<< [apiv2][status] GET https://cloudfunctions.googleapis.com/v2/projects/sequence-five/locations/-/functions 200
[debug] [2025-10-22T11:38:55.951Z] <<< [apiv2][body] GET https://cloudfunctions.googleapis.com/v2/projects/sequence-five/locations/-/functions {"functions":[{"name":"projects/sequence-five/locations/europe-west3/functions/previews","buildConfig":{"build":"projects/389387301927/locations/europe-west3/builds/12df6955-3cb5-4ff7-84f1-0df2bca0be33","runtime":"nodejs20","entryPoint":"previews","source":{"storageSource":{"bucket":"gcf-v2-sources-389387301927-europe-west3","object":"previews/function-source.zip","generation":"1761132922345595"}},"environmentVariables":{"GOOGLE_NODE_RUN_SCRIPTS":""},"dockerRepository":"projects/sequence-five/locations/europe-west3/repositories/gcf-artifacts","sourceProvenance":{"resolvedStorageSource":{"bucket":"gcf-v2-sources-389387301927-europe-west3","object":"previews/function-source.zip","generation":"1761132922345595"}},"dockerRegistry":"ARTIFACT_REGISTRY","serviceAccount":"projects/sequence-five/serviceAccounts/389387301927-compute@developer.gserviceaccount.com","automaticUpdatePolicy":{}},"serviceConfig":{"service":"projects/sequence-five/locations/europe-west3/services/previews","timeoutSeconds":60,"environmentVariables":{"FIREBASE_CONFIG":"{\"projectId\":\"sequence-five\",\"storageBucket\":\"sequence-five.firebasestorage.app\"}","GCLOUD_PROJECT":"sequence-five","EVENTARC_CLOUD_EVENT_SOURCE":"projects/sequence-five/locations/europe-west3/services/previews","FUNCTION_SIGNATURE_TYPE":"cloudevent","FUNCTION_TARGET":"previews","LOG_EXECUTION_ID":"true"},"maxInstanceCount":20,"ingressSettings":"ALLOW_ALL","uri":"https://previews-zrx6bedyfa-ey.a.run.app","serviceAccountEmail":"389387301927-compute@developer.gserviceaccount.com","availableMemory":"256Mi","allTrafficOnLatestRevision":true,"revision":"previews-00229-ziv","maxInstanceRequestConcurrency":80,"availableCpu":"1"},"eventTrigger":{"trigger":"projects/sequence-five/locations/us-central1/triggers/previews-982424","triggerRegion":"us-central1","eventType":"google.cloud.storage.object.v1.finalized","eventFilters":[{"attribute":"bucket","value":"sequence-five.firebasestorage.app"}],"pubsubTopic":"projects/sequence-five/topics/eventarc-us-central1-previews-982424-686","serviceAccountEmail":"389387301927-compute@developer.gserviceaccount.com","retryPolicy":"RETRY_POLICY_DO_NOT_RETRY"},"state":"ACTIVE","updateTime":"2025-10-22T11:36:14.750677125Z","labels":{"firebase-functions-hash":"779d461577ff70220374d3fedb16e8a4ac33491b","deployment-tool":"cli-firebase"},"environment":"GEN_2","url":"https://europe-west3-sequence-five.cloudfunctions.net/previews","satisfiesPzs":true,"createTime":"2025-10-15T10:42:09.878046481Z","satisfiesPzi":true},{"name":"projects/sequence-five/locations/europe-west3/functions/web","buildConfig":{"build":"projects/389387301927/locations/europe-west3/builds/12df6955-3cb5-4ff7-84f1-0df2bca0be33","runtime":"nodejs20","entryPoint":"web","source":{"storageSource":{"bucket":"gcf-v2-sources-389387301927-europe-west3","object":"web/function-source.zip","generation":"1761132969937135"}},"environmentVariables":{"GOOGLE_NODE_RUN_SCRIPTS":""},"dockerRepository":"projects/sequence-five/locations/europe-west3/repositories/gcf-artifacts","sourceProvenance":{"resolvedStorageSource":{"bucket":"gcf-v2-sources-389387301927-europe-west3","object":"web/function-source.zip","generation":"1761132969937135"}},"dockerRegistry":"ARTIFACT_REGISTRY","serviceAccount":"projects/sequence-five/serviceAccounts/389387301927-compute@developer.gserviceaccount.com","automaticUpdatePolicy":{}},"serviceConfig":{"service":"projects/sequence-five/locations/europe-west3/services/web","timeoutSeconds":60,"environmentVariables":{"FIREBASE_CONFIG":"{\"projectId\":\"sequence-five\",\"storageBucket\":\"sequence-five.firebasestorage.app\"}","GCLOUD_PROJECT":"sequence-five","EVENTARC_CLOUD_EVENT_SOURCE":"projects/sequence-five/locations/europe-west3/services/web","FUNCTION_TARGET":"web","LOG_EXECUTION_ID":"true","FUNCTION_SIGNATURE_TYPE":"http"},"maxInstanceCount":20,"ingressSettings":"ALLOW_ALL","uri":"https://web-zrx6bedyfa-ey.a.run.app","serviceAccountEmail":"389387301927-compute@developer.gserviceaccount.com","availableMemory":"256Mi","allTrafficOnLatestRevision":true,"secretEnvironmentVariables":[{"key":"GOOGLE_API_KEY","projectId":"sequence-five","secret":"GOOGLE_API_KEY","version":"2"},{"key":"BASIC_AUTH_USER","projectId":"sequence-five","secret":"BASIC_AUTH_USER","version":"1"},{"key":"BASIC_AUTH_PASS","projectId":"sequence-five","secret":"BASIC_AUTH_PASS","version":"1"},{"key":"FIREBASE_STORAGE_BUCKET","projectId":"sequence-five","secret":"FIREBASE_STORAGE_BUCKET","version":"1"},{"key":"PRICE_GEMINI_TEXT_INPUT_USD_PER_1M","projectId":"sequence-five","secret":"PRICE_GEMINI_TEXT_INPUT_USD_PER_1M","version":"1"},{"key":"PRICE_GEMINI_TEXT_OUTPUT_USD_PER_1M","projectId":"sequence-five","secret":"PRICE_GEMINI_TEXT_OUTPUT_USD_PER_1M","version":"1"},{"key":"PRICE_GEMINI_IMAGE_PER_IMAGE_USD","projectId":"sequence-five","secret":"PRICE_GEMINI_IMAGE_PER_IMAGE_USD","version":"2"},{"key":"PRICE_NOTE","projectId":"sequence-five","secret":"PRICE_NOTE","version":"1"}],"revision":"web-00241-few","maxInstanceRequestConcurrency":80,"availableCpu":"1"},"state":"ACTIVE","updateTime":"2025-10-22T11:36:20.986457107Z","labels":{"firebase-functions-hash":"e9f825cfb49e976720abbf79fb36e44215bfd70b","deployment-tool":"cli-firebase"},"environment":"GEN_2","url":"https://europe-west3-sequence-five.cloudfunctions.net/web","satisfiesPzs":true,"createTime":"2025-10-14T19:12:24.200989159Z","satisfiesPzi":true}]}
[info] i  functions: ensuring required API run.googleapis.com is enabled... 
[info] i  functions: ensuring required API eventarc.googleapis.com is enabled... 
[info] i  functions: ensuring required API pubsub.googleapis.com is enabled... 
[info] i  functions: ensuring required API storage.googleapis.com is enabled... 
[info] i  functions: generating the service identity for pubsub.googleapis.com... 
[debug] [2025-10-22T11:38:55.957Z] Checked if tokens are valid: true, expires at: 1761135327112
[debug] [2025-10-22T11:38:55.957Z] Checked if tokens are valid: true, expires at: 1761135327112
[info] i  functions: generating the service identity for eventarc.googleapis.com... 
[debug] [2025-10-22T11:38:55.958Z] Checked if tokens are valid: true, expires at: 1761135327112
[debug] [2025-10-22T11:38:55.958Z] Checked if tokens are valid: true, expires at: 1761135327112
[debug] [2025-10-22T11:38:55.958Z] >>> [apiv2][query] POST https://serviceusage.googleapis.com/v1beta1/projects/389387301927/services/pubsub.googleapis.com:generateServiceIdentity [none]
[debug] [2025-10-22T11:38:55.958Z] >>> [apiv2][(partial)header] POST https://serviceusage.googleapis.com/v1beta1/projects/389387301927/services/pubsub.googleapis.com:generateServiceIdentity x-goog-quota-user=projects/389387301927
[debug] [2025-10-22T11:38:55.958Z] >>> [apiv2][body] POST https://serviceusage.googleapis.com/v1beta1/projects/389387301927/services/pubsub.googleapis.com:generateServiceIdentity {}
[debug] [2025-10-22T11:38:55.961Z] >>> [apiv2][query] POST https://serviceusage.googleapis.com/v1beta1/projects/389387301927/services/eventarc.googleapis.com:generateServiceIdentity [none]
[debug] [2025-10-22T11:38:55.961Z] >>> [apiv2][(partial)header] POST https://serviceusage.googleapis.com/v1beta1/projects/389387301927/services/eventarc.googleapis.com:generateServiceIdentity x-goog-quota-user=projects/389387301927
[debug] [2025-10-22T11:38:55.961Z] >>> [apiv2][body] POST https://serviceusage.googleapis.com/v1beta1/projects/389387301927/services/eventarc.googleapis.com:generateServiceIdentity {}
[debug] [2025-10-22T11:38:56.913Z] <<< [apiv2][status] POST https://serviceusage.googleapis.com/v1beta1/projects/389387301927/services/eventarc.googleapis.com:generateServiceIdentity 200
[debug] [2025-10-22T11:38:56.914Z] <<< [apiv2][body] POST https://serviceusage.googleapis.com/v1beta1/projects/389387301927/services/eventarc.googleapis.com:generateServiceIdentity {"name":"operations/finished.DONE_OPERATION","done":true,"response":{"@type":"type.googleapis.com/google.api.serviceusage.v1beta1.ServiceIdentity","email":"service-389387301927@gcp-sa-eventarc.iam.gserviceaccount.com","uniqueId":"100383364355238099222"}}
[debug] [2025-10-22T11:38:56.933Z] <<< [apiv2][status] POST https://serviceusage.googleapis.com/v1beta1/projects/389387301927/services/pubsub.googleapis.com:generateServiceIdentity 200
[debug] [2025-10-22T11:38:56.933Z] <<< [apiv2][body] POST https://serviceusage.googleapis.com/v1beta1/projects/389387301927/services/pubsub.googleapis.com:generateServiceIdentity {"name":"operations/finished.DONE_OPERATION","done":true,"response":{"@type":"type.googleapis.com/google.api.serviceusage.v1beta1.ServiceIdentity","email":"service-389387301927@gcp-sa-pubsub.iam.gserviceaccount.com","uniqueId":"103046570302490514114"}}
[info] i  functions: ensuring required API secretmanager.googleapis.com is enabled... 
[debug] [2025-10-22T11:38:56.936Z] Checked if tokens are valid: true, expires at: 1761135327112
[debug] [2025-10-22T11:38:56.936Z] Checked if tokens are valid: true, expires at: 1761135327112
[debug] [2025-10-22T11:38:56.936Z] Checked if tokens are valid: true, expires at: 1761135327112
[debug] [2025-10-22T11:38:56.936Z] Checked if tokens are valid: true, expires at: 1761135327112
[debug] [2025-10-22T11:38:56.936Z] Checked if tokens are valid: true, expires at: 1761135327112
[debug] [2025-10-22T11:38:56.936Z] Checked if tokens are valid: true, expires at: 1761135327112
[debug] [2025-10-22T11:38:56.936Z] Checked if tokens are valid: true, expires at: 1761135327112
[debug] [2025-10-22T11:38:56.936Z] Checked if tokens are valid: true, expires at: 1761135327112
[debug] [2025-10-22T11:38:56.936Z] Checked if tokens are valid: true, expires at: 1761135327112
[debug] [2025-10-22T11:38:56.936Z] Checked if tokens are valid: true, expires at: 1761135327112
[debug] [2025-10-22T11:38:56.936Z] Checked if tokens are valid: true, expires at: 1761135327112
[debug] [2025-10-22T11:38:56.936Z] Checked if tokens are valid: true, expires at: 1761135327112
[debug] [2025-10-22T11:38:56.936Z] Checked if tokens are valid: true, expires at: 1761135327112
[debug] [2025-10-22T11:38:56.936Z] Checked if tokens are valid: true, expires at: 1761135327112
[debug] [2025-10-22T11:38:56.936Z] Checked if tokens are valid: true, expires at: 1761135327112
[debug] [2025-10-22T11:38:56.937Z] Checked if tokens are valid: true, expires at: 1761135327112
[debug] [2025-10-22T11:38:56.937Z] >>> [apiv2][query] GET https://secretmanager.googleapis.com/v1/projects/sequence-five/secrets/GOOGLE_API_KEY/versions/latest [none]
[debug] [2025-10-22T11:38:56.937Z] >>> [apiv2][query] GET https://secretmanager.googleapis.com/v1/projects/sequence-five/secrets/BASIC_AUTH_USER/versions/latest [none]
[debug] [2025-10-22T11:38:56.938Z] >>> [apiv2][query] GET https://secretmanager.googleapis.com/v1/projects/sequence-five/secrets/BASIC_AUTH_PASS/versions/latest [none]
[debug] [2025-10-22T11:38:56.940Z] >>> [apiv2][query] GET https://secretmanager.googleapis.com/v1/projects/sequence-five/secrets/FIREBASE_STORAGE_BUCKET/versions/latest [none]
[debug] [2025-10-22T11:38:56.940Z] >>> [apiv2][query] GET https://secretmanager.googleapis.com/v1/projects/sequence-five/secrets/PRICE_GEMINI_TEXT_INPUT_USD_PER_1M/versions/latest [none]
[debug] [2025-10-22T11:38:56.942Z] >>> [apiv2][query] GET https://secretmanager.googleapis.com/v1/projects/sequence-five/secrets/PRICE_GEMINI_TEXT_OUTPUT_USD_PER_1M/versions/latest [none]
[debug] [2025-10-22T11:38:56.943Z] >>> [apiv2][query] GET https://secretmanager.googleapis.com/v1/projects/sequence-five/secrets/PRICE_GEMINI_IMAGE_PER_IMAGE_USD/versions/latest [none]
[debug] [2025-10-22T11:38:56.944Z] >>> [apiv2][query] GET https://secretmanager.googleapis.com/v1/projects/sequence-five/secrets/PRICE_NOTE/versions/latest [none]
[debug] [2025-10-22T11:38:57.085Z] <<< [apiv2][status] GET https://secretmanager.googleapis.com/v1/projects/sequence-five/secrets/GOOGLE_API_KEY/versions/latest 200
[debug] [2025-10-22T11:38:57.085Z] <<< [apiv2][body] GET https://secretmanager.googleapis.com/v1/projects/sequence-five/secrets/GOOGLE_API_KEY/versions/latest {"name":"projects/389387301927/secrets/GOOGLE_API_KEY/versions/2","createTime":"2025-10-15T08:35:34.669340Z","state":"ENABLED","replicationStatus":{"automatic":{}},"etag":"\"16412e625a981c\"","clientSpecifiedPayloadChecksum":true}
[debug] [2025-10-22T11:38:57.086Z] Resolved secret version of GOOGLE_API_KEY to 2.
[debug] [2025-10-22T11:38:57.170Z] <<< [apiv2][status] GET https://secretmanager.googleapis.com/v1/projects/sequence-five/secrets/FIREBASE_STORAGE_BUCKET/versions/latest 200
[debug] [2025-10-22T11:38:57.170Z] <<< [apiv2][body] GET https://secretmanager.googleapis.com/v1/projects/sequence-five/secrets/FIREBASE_STORAGE_BUCKET/versions/latest {"name":"projects/389387301927/secrets/FIREBASE_STORAGE_BUCKET/versions/1","createTime":"2025-10-15T09:56:02.471468Z","state":"ENABLED","replicationStatus":{"automatic":{}},"etag":"\"16412f821d022c\"","clientSpecifiedPayloadChecksum":true}
[debug] [2025-10-22T11:38:57.170Z] Resolved secret version of FIREBASE_STORAGE_BUCKET to 1.
[debug] [2025-10-22T11:38:57.170Z] <<< [apiv2][status] GET https://secretmanager.googleapis.com/v1/projects/sequence-five/secrets/PRICE_GEMINI_TEXT_OUTPUT_USD_PER_1M/versions/latest 200
[debug] [2025-10-22T11:38:57.170Z] <<< [apiv2][body] GET https://secretmanager.googleapis.com/v1/projects/sequence-five/secrets/PRICE_GEMINI_TEXT_OUTPUT_USD_PER_1M/versions/latest {"name":"projects/389387301927/secrets/PRICE_GEMINI_TEXT_OUTPUT_USD_PER_1M/versions/1","createTime":"2025-10-20T12:09:08.757200Z","state":"ENABLED","replicationStatus":{"automatic":{}},"etag":"\"164195f356eed0\"","clientSpecifiedPayloadChecksum":true}
[debug] [2025-10-22T11:38:57.170Z] Resolved secret version of PRICE_GEMINI_TEXT_OUTPUT_USD_PER_1M to 1.
[debug] [2025-10-22T11:38:57.175Z] <<< [apiv2][status] GET https://secretmanager.googleapis.com/v1/projects/sequence-five/secrets/PRICE_GEMINI_TEXT_INPUT_USD_PER_1M/versions/latest 200
[debug] [2025-10-22T11:38:57.175Z] <<< [apiv2][body] GET https://secretmanager.googleapis.com/v1/projects/sequence-five/secrets/PRICE_GEMINI_TEXT_INPUT_USD_PER_1M/versions/latest {"name":"projects/389387301927/secrets/PRICE_GEMINI_TEXT_INPUT_USD_PER_1M/versions/1","createTime":"2025-10-20T12:08:50.451122Z","state":"ENABLED","replicationStatus":{"automatic":{}},"etag":"\"164195f23f9ab2\"","clientSpecifiedPayloadChecksum":true}
[debug] [2025-10-22T11:38:57.175Z] Resolved secret version of PRICE_GEMINI_TEXT_INPUT_USD_PER_1M to 1.
[debug] [2025-10-22T11:38:57.175Z] <<< [apiv2][status] GET https://secretmanager.googleapis.com/v1/projects/sequence-five/secrets/PRICE_NOTE/versions/latest 200
[debug] [2025-10-22T11:38:57.175Z] <<< [apiv2][body] GET https://secretmanager.googleapis.com/v1/projects/sequence-five/secrets/PRICE_NOTE/versions/latest {"name":"projects/389387301927/secrets/PRICE_NOTE/versions/1","createTime":"2025-10-20T12:21:22.144746Z","state":"ENABLED","replicationStatus":{"automatic":{}},"etag":"\"1641961f0d89ea\""}
[debug] [2025-10-22T11:38:57.175Z] Resolved secret version of PRICE_NOTE to 1.
[debug] [2025-10-22T11:38:57.175Z] <<< [apiv2][status] GET https://secretmanager.googleapis.com/v1/projects/sequence-five/secrets/BASIC_AUTH_USER/versions/latest 200
[debug] [2025-10-22T11:38:57.175Z] <<< [apiv2][body] GET https://secretmanager.googleapis.com/v1/projects/sequence-five/secrets/BASIC_AUTH_USER/versions/latest {"name":"projects/389387301927/secrets/BASIC_AUTH_USER/versions/1","createTime":"2025-10-14T19:01:06.386361Z","state":"ENABLED","replicationStatus":{"automatic":{}},"etag":"\"1641230193c5b9\""}
[debug] [2025-10-22T11:38:57.175Z] Resolved secret version of BASIC_AUTH_USER to 1.
[debug] [2025-10-22T11:38:57.176Z] <<< [apiv2][status] GET https://secretmanager.googleapis.com/v1/projects/sequence-five/secrets/PRICE_GEMINI_IMAGE_PER_IMAGE_USD/versions/latest 200
[debug] [2025-10-22T11:38:57.176Z] <<< [apiv2][body] GET https://secretmanager.googleapis.com/v1/projects/sequence-five/secrets/PRICE_GEMINI_IMAGE_PER_IMAGE_USD/versions/latest {"name":"projects/389387301927/secrets/PRICE_GEMINI_IMAGE_PER_IMAGE_USD/versions/2","createTime":"2025-10-20T12:10:07.747862Z","state":"ENABLED","replicationStatus":{"automatic":{}},"etag":"\"164195f6db0f16\"","clientSpecifiedPayloadChecksum":true}
[debug] [2025-10-22T11:38:57.176Z] Resolved secret version of PRICE_GEMINI_IMAGE_PER_IMAGE_USD to 2.
[debug] [2025-10-22T11:38:57.178Z] <<< [apiv2][status] GET https://secretmanager.googleapis.com/v1/projects/sequence-five/secrets/BASIC_AUTH_PASS/versions/latest 200
[debug] [2025-10-22T11:38:57.178Z] <<< [apiv2][body] GET https://secretmanager.googleapis.com/v1/projects/sequence-five/secrets/BASIC_AUTH_PASS/versions/latest {"name":"projects/389387301927/secrets/BASIC_AUTH_PASS/versions/1","createTime":"2025-10-14T19:01:33.669317Z","state":"ENABLED","replicationStatus":{"automatic":{}},"etag":"\"164123033413c5\""}
[debug] [2025-10-22T11:38:57.178Z] Resolved secret version of BASIC_AUTH_PASS to 1.
[debug] [2025-10-22T11:38:57.180Z] Checked if tokens are valid: true, expires at: 1761135327112
[debug] [2025-10-22T11:38:57.180Z] Checked if tokens are valid: true, expires at: 1761135327112
[debug] [2025-10-22T11:38:57.180Z] >>> [apiv2][query] GET https://cloudresourcemanager.googleapis.com/v1/projects/sequence-five [none]
[debug] [2025-10-22T11:38:57.941Z] <<< [apiv2][status] GET https://cloudresourcemanager.googleapis.com/v1/projects/sequence-five 200
[debug] [2025-10-22T11:38:57.941Z] <<< [apiv2][body] GET https://cloudresourcemanager.googleapis.com/v1/projects/sequence-five {"projectNumber":"389387301927","projectId":"sequence-five","lifecycleState":"ACTIVE","name":"Sequence Five","labels":{"firebase":"enabled","firebase-core":"disabled"},"createTime":"2025-10-14T18:23:24.509711Z"}
[debug] [2025-10-22T11:38:57.942Z] Checked if tokens are valid: true, expires at: 1761135327112
[debug] [2025-10-22T11:38:57.942Z] Checked if tokens are valid: true, expires at: 1761135327112
[debug] [2025-10-22T11:38:57.942Z] >>> [apiv2][query] GET https://compute.googleapis.com/compute/v1/projects/389387301927 [none]
[debug] [2025-10-22T11:38:58.155Z] <<< [apiv2][status] GET https://compute.googleapis.com/compute/v1/projects/389387301927 403
[debug] [2025-10-22T11:38:58.155Z] <<< [apiv2][body] GET https://compute.googleapis.com/compute/v1/projects/389387301927 {"error":{"code":403,"message":"Compute Engine API has not been used in project 389387301927 before or it is disabled. Enable it by visiting https://console.developers.google.com/apis/api/compute.googleapis.com/overview?project=389387301927 then retry. If you enabled this API recently, wait a few minutes for the action to propagate to our systems and retry.","errors":[{"message":"Compute Engine API has not been used in project 389387301927 before or it is disabled. Enable it by visiting https://console.developers.google.com/apis/api/compute.googleapis.com/overview?project=389387301927 then retry. If you enabled this API recently, wait a few minutes for the action to propagate to our systems and retry.","domain":"usageLimits","reason":"accessNotConfigured","extendedHelp":"https://console.developers.google.com"}],"status":"PERMISSION_DENIED","details":[{"@type":"type.googleapis.com/google.rpc.ErrorInfo","reason":"SERVICE_DISABLED","domain":"googleapis.com","metadata":{"activationUrl":"https://console.developers.google.com/apis/api/compute.googleapis.com/overview?project=389387301927","consumer":"projects/389387301927","service":"compute.googleapis.com","serviceTitle":"Compute Engine API","containerInfo":"389387301927"}},{"@type":"type.googleapis.com/google.rpc.LocalizedMessage","locale":"en-US","message":"Compute Engine API has not been used in project 389387301927 before or it is disabled. Enable it by visiting https://console.developers.google.com/apis/api/compute.googleapis.com/overview?project=389387301927 then retry. If you enabled this API recently, wait a few minutes for the action to propagate to our systems and retry."},{"@type":"type.googleapis.com/google.rpc.Help","links":[{"description":"Google developers console API activation","url":"https://console.developers.google.com/apis/api/compute.googleapis.com/overview?project=389387301927"}]}]}}
[debug] [2025-10-22T11:38:58.156Z] unable to look up default compute service account. Falling back to 389387301927-compute@developer.gserviceaccount.com. Error: {"name":"FirebaseError","children":[],"context":{"body":{"error":{"code":403,"message":"Compute Engine API has not been used in project 389387301927 before or it is disabled. Enable it by visiting https://console.developers.google.com/apis/api/compute.googleapis.com/overview?project=389387301927 then retry. If you enabled this API recently, wait a few minutes for the action to propagate to our systems and retry.","errors":[{"message":"Compute Engine API has not been used in project 389387301927 before or it is disabled. Enable it by visiting https://console.developers.google.com/apis/api/compute.googleapis.com/overview?project=389387301927 then retry. If you enabled this API recently, wait a few minutes for the action to propagate to our systems and retry.","domain":"usageLimits","reason":"accessNotConfigured","extendedHelp":"https://console.developers.google.com"}],"status":"PERMISSION_DENIED","details":[{"@type":"type.googleapis.com/google.rpc.ErrorInfo","reason":"SERVICE_DISABLED","domain":"googleapis.com","metadata":{"activationUrl":"https://console.developers.google.com/apis/api/compute.googleapis.com/overview?project=389387301927","consumer":"projects/389387301927","service":"compute.googleapis.com","serviceTitle":"Compute Engine API","containerInfo":"389387301927"}},{"@type":"type.googleapis.com/google.rpc.LocalizedMessage","locale":"en-US","message":"Compute Engine API has not been used in project 389387301927 before or it is disabled. Enable it by visiting https://console.developers.google.com/apis/api/compute.googleapis.com/overview?project=389387301927 then retry. If you enabled this API recently, wait a few minutes for the action to propagate to our systems and retry."},{"@type":"type.googleapis.com/google.rpc.Help","links":[{"description":"Google developers console API activation","url":"https://console.developers.google.com/apis/api/compute.googleapis.com/overview?project=389387301927"}]}]}},"response":{"statusCode":403}},"exit":1,"message":"Request to https://compute.googleapis.com/compute/v1/projects/389387301927 had HTTP Error: 403, Compute Engine API has not been used in project 389387301927 before or it is disabled. Enable it by visiting https://console.developers.google.com/apis/api/compute.googleapis.com/overview?project=389387301927 then retry. If you enabled this API recently, wait a few minutes for the action to propagate to our systems and retry.","status":403}
[debug] [2025-10-22T11:38:58.156Z] Checked if tokens are valid: true, expires at: 1761135327112
[debug] [2025-10-22T11:38:58.156Z] Checked if tokens are valid: true, expires at: 1761135327112
[debug] [2025-10-22T11:38:58.156Z] >>> [apiv2][query] GET https://compute.googleapis.com/compute/v1/projects/389387301927 [none]
[debug] [2025-10-22T11:38:58.303Z] <<< [apiv2][status] GET https://compute.googleapis.com/compute/v1/projects/389387301927 403
[debug] [2025-10-22T11:38:58.303Z] <<< [apiv2][body] GET https://compute.googleapis.com/compute/v1/projects/389387301927 {"error":{"code":403,"message":"Compute Engine API has not been used in project 389387301927 before or it is disabled. Enable it by visiting https://console.developers.google.com/apis/api/compute.googleapis.com/overview?project=389387301927 then retry. If you enabled this API recently, wait a few minutes for the action to propagate to our systems and retry.","errors":[{"message":"Compute Engine API has not been used in project 389387301927 before or it is disabled. Enable it by visiting https://console.developers.google.com/apis/api/compute.googleapis.com/overview?project=389387301927 then retry. If you enabled this API recently, wait a few minutes for the action to propagate to our systems and retry.","domain":"usageLimits","reason":"accessNotConfigured","extendedHelp":"https://console.developers.google.com"}],"status":"PERMISSION_DENIED","details":[{"@type":"type.googleapis.com/google.rpc.ErrorInfo","reason":"SERVICE_DISABLED","domain":"googleapis.com","metadata":{"serviceTitle":"Compute Engine API","consumer":"projects/389387301927","activationUrl":"https://console.developers.google.com/apis/api/compute.googleapis.com/overview?project=389387301927","service":"compute.googleapis.com","containerInfo":"389387301927"}},{"@type":"type.googleapis.com/google.rpc.LocalizedMessage","locale":"en-US","message":"Compute Engine API has not been used in project 389387301927 before or it is disabled. Enable it by visiting https://console.developers.google.com/apis/api/compute.googleapis.com/overview?project=389387301927 then retry. If you enabled this API recently, wait a few minutes for the action to propagate to our systems and retry."},{"@type":"type.googleapis.com/google.rpc.Help","links":[{"description":"Google developers console API activation","url":"https://console.developers.google.com/apis/api/compute.googleapis.com/overview?project=389387301927"}]}]}}
[debug] [2025-10-22T11:38:58.303Z] unable to look up default compute service account. Falling back to 389387301927-compute@developer.gserviceaccount.com. Error: {"name":"FirebaseError","children":[],"context":{"body":{"error":{"code":403,"message":"Compute Engine API has not been used in project 389387301927 before or it is disabled. Enable it by visiting https://console.developers.google.com/apis/api/compute.googleapis.com/overview?project=389387301927 then retry. If you enabled this API recently, wait a few minutes for the action to propagate to our systems and retry.","errors":[{"message":"Compute Engine API has not been used in project 389387301927 before or it is disabled. Enable it by visiting https://console.developers.google.com/apis/api/compute.googleapis.com/overview?project=389387301927 then retry. If you enabled this API recently, wait a few minutes for the action to propagate to our systems and retry.","domain":"usageLimits","reason":"accessNotConfigured","extendedHelp":"https://console.developers.google.com"}],"status":"PERMISSION_DENIED","details":[{"@type":"type.googleapis.com/google.rpc.ErrorInfo","reason":"SERVICE_DISABLED","domain":"googleapis.com","metadata":{"serviceTitle":"Compute Engine API","consumer":"projects/389387301927","activationUrl":"https://console.developers.google.com/apis/api/compute.googleapis.com/overview?project=389387301927","service":"compute.googleapis.com","containerInfo":"389387301927"}},{"@type":"type.googleapis.com/google.rpc.LocalizedMessage","locale":"en-US","message":"Compute Engine API has not been used in project 389387301927 before or it is disabled. Enable it by visiting https://console.developers.google.com/apis/api/compute.googleapis.com/overview?project=389387301927 then retry. If you enabled this API recently, wait a few minutes for the action to propagate to our systems and retry."},{"@type":"type.googleapis.com/google.rpc.Help","links":[{"description":"Google developers console API activation","url":"https://console.developers.google.com/apis/api/compute.googleapis.com/overview?project=389387301927"}]}]}},"response":{"statusCode":403}},"exit":1,"message":"Request to https://compute.googleapis.com/compute/v1/projects/389387301927 had HTTP Error: 403, Compute Engine API has not been used in project 389387301927 before or it is disabled. Enable it by visiting https://console.developers.google.com/apis/api/compute.googleapis.com/overview?project=389387301927 then retry. If you enabled this API recently, wait a few minutes for the action to propagate to our systems and retry.","status":403}
[debug] [2025-10-22T11:38:58.309Z] Checked if tokens are valid: true, expires at: 1761135327112
[debug] [2025-10-22T11:38:58.309Z] Checked if tokens are valid: true, expires at: 1761135327112
[debug] [2025-10-22T11:38:58.309Z] >>> [apiv2][query] POST https://firebasehosting.googleapis.com/v1beta1/projects/-/sites/sequence-five/versions [none]
[debug] [2025-10-22T11:38:58.309Z] >>> [apiv2][body] POST https://firebasehosting.googleapis.com/v1beta1/projects/-/sites/sequence-five/versions {"status":"CREATED","labels":{"deployment-tool":"cli-firebase"}}
[debug] [2025-10-22T11:38:59.464Z] <<< [apiv2][status] POST https://firebasehosting.googleapis.com/v1beta1/projects/-/sites/sequence-five/versions 200
[debug] [2025-10-22T11:38:59.464Z] <<< [apiv2][body] POST https://firebasehosting.googleapis.com/v1beta1/projects/-/sites/sequence-five/versions {"name":"projects/389387301927/sites/sequence-five/versions/6dc64922fec1ada5","status":"CREATED","config":{},"labels":{"deployment-tool":"cli-firebase"}}
[debug] [2025-10-22T11:38:59.465Z] Checked if tokens are valid: true, expires at: 1761135327112
[debug] [2025-10-22T11:38:59.465Z] Checked if tokens are valid: true, expires at: 1761135327112
[debug] [2025-10-22T11:38:59.466Z] >>> [apiv2][query] GET https://cloudbilling.googleapis.com/v1/projects/sequence-five/billingInfo [none]
[debug] [2025-10-22T11:38:59.722Z] <<< [apiv2][status] GET https://cloudbilling.googleapis.com/v1/projects/sequence-five/billingInfo 200
[debug] [2025-10-22T11:38:59.723Z] <<< [apiv2][body] GET https://cloudbilling.googleapis.com/v1/projects/sequence-five/billingInfo {"name":"projects/sequence-five/billingInfo","projectId":"sequence-five","billingAccountName":"billingAccounts/010188-8DC135-A0C44B","billingEnabled":true}
[debug] [2025-10-22T11:38:59.725Z] Checked if tokens are valid: true, expires at: 1761135327112
[debug] [2025-10-22T11:38:59.725Z] Checked if tokens are valid: true, expires at: 1761135327112
[debug] [2025-10-22T11:38:59.725Z] >>> [apiv2][query] POST https://cloudfunctions.googleapis.com/v2/projects/sequence-five/locations/europe-west3/functions:generateUploadUrl [none]
[debug] [2025-10-22T11:38:59.914Z] <<< [apiv2][status] POST https://cloudfunctions.googleapis.com/v2/projects/sequence-five/locations/europe-west3/functions:generateUploadUrl 200
[debug] [2025-10-22T11:38:59.915Z] <<< [apiv2][body] POST https://cloudfunctions.googleapis.com/v2/projects/sequence-five/locations/europe-west3/functions:generateUploadUrl {"uploadUrl":"https://storage.googleapis.com/gcf-v2-uploads-389387301927.europe-west3.cloudfunctions.appspot.com/8c8b43a1-f77c-4b8d-9887-b000fe36e9b9.zip?GoogleAccessId=service-389387301927@gcf-admin-robot.iam.gserviceaccount.com&Expires=1761134939&Signature=jKyrLHX7sxPQ7SkvmNJd9yoBQ7okxQoji4NYOL85plxKdKxYdOi0NLP3U7HEozLFxt5IoO6Up%2B9gK%2BfqEhwVN7GuBX06b7WYzF4BRh7AmaWrWRkOi0nytF2%2BUsoff8OAMWBQua%2B86yCG2vqhW%2FC1Gz%2BqynwcN4o4BUO4%2FNZv42PhsdEnZpeCghxoqnVRQ%2FKMYzGNK5xwM%2BBLhgCa3KAYxEo8hrc3aOrgX8iOxDkitVEghf5bM2Bdwzp2VZE%2FoMrjkslH%2BlGNTGG3gS8ZoEd6EhmJX%2BFHuvJ8Hui8uBag%2FSFu%2FutO4KY%2FOP0mkl4Dd5nBg9EURQXruax373Q05JWkqA%3D%3D","storageSource":{"bucket":"gcf-v2-uploads-389387301927.europe-west3.cloudfunctions.appspot.com","object":"8c8b43a1-f77c-4b8d-9887-b000fe36e9b9.zip"}}
[debug] [2025-10-22T11:38:59.916Z] >>> [apiv2][query] PUT https://storage.googleapis.com/gcf-v2-uploads-389387301927.europe-west3.cloudfunctions.appspot.com/8c8b43a1-f77c-4b8d-9887-b000fe36e9b9.zip GoogleAccessId=service-389387301927%40gcf-admin-robot.iam.gserviceaccount.com&Expires=1761134939&Signature=jKyrLHX7sxPQ7SkvmNJd9yoBQ7okxQoji4NYOL85plxKdKxYdOi0NLP3U7HEozLFxt5IoO6Up%2B9gK%2BfqEhwVN7GuBX06b7WYzF4BRh7AmaWrWRkOi0nytF2%2BUsoff8OAMWBQua%2B86yCG2vqhW%2FC1Gz%2BqynwcN4o4BUO4%2FNZv42PhsdEnZpeCghxoqnVRQ%2FKMYzGNK5xwM%2BBLhgCa3KAYxEo8hrc3aOrgX8iOxDkitVEghf5bM2Bdwzp2VZE%2FoMrjkslH%2BlGNTGG3gS8ZoEd6EhmJX%2BFHuvJ8Hui8uBag%2FSFu%2FutO4KY%2FOP0mkl4Dd5nBg9EURQXruax373Q05JWkqA%3D%3D
[debug] [2025-10-22T11:38:59.917Z] >>> [apiv2][body] PUT https://storage.googleapis.com/gcf-v2-uploads-389387301927.europe-west3.cloudfunctions.appspot.com/8c8b43a1-f77c-4b8d-9887-b000fe36e9b9.zip [stream]
[debug] [2025-10-22T11:39:00.124Z] <<< [apiv2][status] PUT https://storage.googleapis.com/gcf-v2-uploads-389387301927.europe-west3.cloudfunctions.appspot.com/8c8b43a1-f77c-4b8d-9887-b000fe36e9b9.zip 200
[debug] [2025-10-22T11:39:00.124Z] <<< [apiv2][body] PUT https://storage.googleapis.com/gcf-v2-uploads-389387301927.europe-west3.cloudfunctions.appspot.com/8c8b43a1-f77c-4b8d-9887-b000fe36e9b9.zip [omitted]
[info] ✔  functions: functions source uploaded successfully 
[info] i  hosting[sequence-five]: beginning deploy... 
[info] i  hosting[sequence-five]: found 8 files in public 
[debug] [2025-10-22T11:39:00.142Z] [hosting] uploading with 200 concurrency
[debug] [2025-10-22T11:39:00.146Z] Checked if tokens are valid: true, expires at: 1761135327112
[debug] [2025-10-22T11:39:00.146Z] Checked if tokens are valid: true, expires at: 1761135327112
[debug] [2025-10-22T11:39:00.148Z] [hosting] hash cache [cHVibGlj] stored for 8 files
[debug] [2025-10-22T11:39:00.148Z] [hosting][hash queue][FINAL] {"max":1,"min":0,"avg":0,"active":0,"complete":8,"success":8,"errored":0,"retried":0,"total":8,"elapsed":3}
[debug] [2025-10-22T11:39:00.149Z] >>> [apiv2][query] POST https://firebasehosting.googleapis.com/v1beta1/projects/389387301927/sites/sequence-five/versions/6dc64922fec1ada5:populateFiles [none]
[debug] [2025-10-22T11:39:00.149Z] >>> [apiv2][body] POST https://firebasehosting.googleapis.com/v1beta1/projects/389387301927/sites/sequence-five/versions/6dc64922fec1ada5:populateFiles {"files":{"/404.html":"8b30da1031f6622a00293691b83c0b4aed05caf1120087c69f5cf25082cbd571","/images/app-logo.svg":"297e053a5f98df72a4f914d69bb47bc829ddbe269c2fc8d89e0e2834632bbb61","/assets/usage.js":"a02f106ea333e6c5d7bf1909a19388188f532ccabe45f7aa5185860a933916fb","/assets/storyboards.js":"c0fa04a83c4752bb6d67e125f63da2c0d9d045c2fabaece0ab30658adf92f754","/assets/storyboard.js":"8b2e04236fcec0fc14f15852d978ec259aa39ea956aab2f9b2be5d3dc546876e","/assets/nbviewer.js":"dbdeffc2f2a128dc048df5aa6f65388009d6435bc9cd4138523b4d12d96fb61c","/assets/image-generator.js":"d9203f37ef4758f2905809bc8a6a63a3f6359714daf2a0f20a5f61526c560398","/assets/archive.js":"4f9ff685bb8fb83c3f04312d6b55d6184222dfa2c2a2fce53c062e48c2cc8971"}}
[debug] [2025-10-22T11:39:00.383Z] <<< [apiv2][status] POST https://firebasehosting.googleapis.com/v1beta1/projects/389387301927/sites/sequence-five/versions/6dc64922fec1ada5:populateFiles 200
[debug] [2025-10-22T11:39:00.383Z] <<< [apiv2][body] POST https://firebasehosting.googleapis.com/v1beta1/projects/389387301927/sites/sequence-five/versions/6dc64922fec1ada5:populateFiles {"uploadUrl":"https://upload-firebasehosting.googleapis.com/upload/sites/sequence-five/versions/6dc64922fec1ada5/files"}
[debug] [2025-10-22T11:39:00.384Z] [hosting][populate queue][FINAL] {"max":238,"min":238,"avg":238,"active":0,"complete":1,"success":1,"errored":0,"retried":0,"total":1,"elapsed":238}
[debug] [2025-10-22T11:39:00.384Z] [hosting] uploads queued: 0
[debug] [2025-10-22T11:39:00.385Z] [hosting][upload queue][FINAL] {"max":0,"min":9999999999,"avg":0,"active":0,"complete":0,"success":0,"errored":0,"retried":0,"total":0,"elapsed":1761133140384}
[info] ✔  hosting[sequence-five]: file upload complete 
[debug] [2025-10-22T11:39:00.386Z] [hosting] deploy completed after 259ms
[info] i  functions: updating Node.js 20 (2nd Gen) function previews(europe-west3)... 
[info] i  functions: updating Node.js 20 (2nd Gen) function web(europe-west3)... 
[debug] [2025-10-22T11:39:00.391Z] Checked if tokens are valid: true, expires at: 1761135327112
[debug] [2025-10-22T11:39:00.391Z] Checked if tokens are valid: true, expires at: 1761135327112
[debug] [2025-10-22T11:39:00.391Z] >>> [apiv2][query] PATCH https://cloudfunctions.googleapis.com/v2/projects/sequence-five/locations/europe-west3/functions/previews updateMask=name%2CbuildConfig.runtime%2CbuildConfig.entryPoint%2CbuildConfig.source.storageSource.bucket%2CbuildConfig.source.storageSource.object%2CbuildConfig.environmentVariables%2CbuildConfig.sourceToken%2CserviceConfig.environmentVariables%2CserviceConfig.ingressSettings%2CserviceConfig.timeoutSeconds%2CserviceConfig.serviceAccountEmail%2CserviceConfig.availableMemory%2CserviceConfig.minInstanceCount%2CserviceConfig.maxInstanceCount%2CserviceConfig.maxInstanceRequestConcurrency%2CserviceConfig.availableCpu%2CserviceConfig.vpcConnector%2CserviceConfig.vpcConnectorEgressSettings%2Clabels%2CeventTrigger.eventType%2CeventTrigger.retryPolicy%2CeventTrigger.eventFilters%2CeventTrigger.triggerRegion
[debug] [2025-10-22T11:39:00.391Z] >>> [apiv2][body] PATCH https://cloudfunctions.googleapis.com/v2/projects/sequence-five/locations/europe-west3/functions/previews {"name":"projects/sequence-five/locations/europe-west3/functions/previews","buildConfig":{"runtime":"nodejs20","entryPoint":"previews","source":{"storageSource":{"bucket":"gcf-v2-uploads-389387301927.europe-west3.cloudfunctions.appspot.com","object":"8c8b43a1-f77c-4b8d-9887-b000fe36e9b9.zip"}},"environmentVariables":{"GOOGLE_NODE_RUN_SCRIPTS":""}},"serviceConfig":{"environmentVariables":{"FIREBASE_CONFIG":"{\"projectId\":\"sequence-five\",\"storageBucket\":\"sequence-five.firebasestorage.app\"}","GCLOUD_PROJECT":"sequence-five","EVENTARC_CLOUD_EVENT_SOURCE":"projects/sequence-five/locations/europe-west3/services/previews","FUNCTION_SIGNATURE_TYPE":"cloudevent","FUNCTION_TARGET":"previews","LOG_EXECUTION_ID":"true"},"ingressSettings":null,"timeoutSeconds":null,"serviceAccountEmail":null,"availableMemory":"256Mi","minInstanceCount":null,"maxInstanceCount":null,"maxInstanceRequestConcurrency":80,"availableCpu":"1","vpcConnector":null,"vpcConnectorEgressSettings":null},"labels":{"deployment-tool":"cli-firebase","firebase-functions-hash":"9be271419c810ed76286441909342b7634be15d1"},"eventTrigger":{"eventType":"google.cloud.storage.object.v1.finalized","retryPolicy":"RETRY_POLICY_DO_NOT_RETRY","eventFilters":[{"attribute":"bucket","value":"sequence-five.firebasestorage.app"}],"triggerRegion":"us-central1"}}
[debug] [2025-10-22T11:39:02.058Z] <<< [apiv2][status] PATCH https://cloudfunctions.googleapis.com/v2/projects/sequence-five/locations/europe-west3/functions/previews 200
[debug] [2025-10-22T11:39:02.059Z] <<< [apiv2][body] PATCH https://cloudfunctions.googleapis.com/v2/projects/sequence-five/locations/europe-west3/functions/previews {"name":"projects/sequence-five/locations/europe-west3/operations/operation-1761133140557-641bdc33ec095-3e018717-2cad81c2","metadata":{"@type":"type.googleapis.com/google.cloud.functions.v2.OperationMetadata","createTime":"2025-10-22T11:39:02.103027552Z","target":"projects/sequence-five/locations/europe-west3/functions/previews","verb":"update","cancelRequested":false,"apiVersion":"v2"},"done":false}
[debug] [2025-10-22T11:39:02.059Z] Checked if tokens are valid: true, expires at: 1761135327112
[debug] [2025-10-22T11:39:02.060Z] Checked if tokens are valid: true, expires at: 1761135327112
[debug] [2025-10-22T11:39:02.060Z] >>> [apiv2][query] GET https://cloudfunctions.googleapis.com/v2/projects/sequence-five/locations/europe-west3/operations/operation-1761133140557-641bdc33ec095-3e018717-2cad81c2 [none]
[debug] [2025-10-22T11:39:02.134Z] <<< [apiv2][status] GET https://cloudfunctions.googleapis.com/v2/projects/sequence-five/locations/europe-west3/operations/operation-1761133140557-641bdc33ec095-3e018717-2cad81c2 200
[debug] [2025-10-22T11:39:02.134Z] <<< [apiv2][body] GET https://cloudfunctions.googleapis.com/v2/projects/sequence-five/locations/europe-west3/operations/operation-1761133140557-641bdc33ec095-3e018717-2cad81c2 {"name":"projects/sequence-five/locations/europe-west3/operations/operation-1761133140557-641bdc33ec095-3e018717-2cad81c2","metadata":{"@type":"type.googleapis.com/google.cloud.functions.v2.OperationMetadata","createTime":"2025-10-22T11:39:02.103027552Z","target":"projects/sequence-five/locations/europe-west3/functions/previews","verb":"update","cancelRequested":false,"apiVersion":"v2"},"done":false}
[debug] [2025-10-22T11:39:02.636Z] [update-default-europe-west3-previews] Retrying task index 0
[debug] [2025-10-22T11:39:02.637Z] Checked if tokens are valid: true, expires at: 1761135327112
[debug] [2025-10-22T11:39:02.637Z] Checked if tokens are valid: true, expires at: 1761135327112
[debug] [2025-10-22T11:39:02.637Z] >>> [apiv2][query] GET https://cloudfunctions.googleapis.com/v2/projects/sequence-five/locations/europe-west3/operations/operation-1761133140557-641bdc33ec095-3e018717-2cad81c2 [none]
[debug] [2025-10-22T11:39:02.692Z] <<< [apiv2][status] GET https://cloudfunctions.googleapis.com/v2/projects/sequence-five/locations/europe-west3/operations/operation-1761133140557-641bdc33ec095-3e018717-2cad81c2 200
[debug] [2025-10-22T11:39:02.692Z] <<< [apiv2][body] GET https://cloudfunctions.googleapis.com/v2/projects/sequence-five/locations/europe-west3/operations/operation-1761133140557-641bdc33ec095-3e018717-2cad81c2 {"name":"projects/sequence-five/locations/europe-west3/operations/operation-1761133140557-641bdc33ec095-3e018717-2cad81c2","metadata":{"@type":"type.googleapis.com/google.cloud.functions.v2.OperationMetadata","createTime":"2025-10-22T11:39:02.103027552Z","target":"projects/sequence-five/locations/europe-west3/functions/previews","verb":"update","cancelRequested":false,"apiVersion":"v2","requestResource":{"@type":"type.googleapis.com/google.cloud.functions.v2.Function","name":"projects/sequence-five/locations/europe-west3/functions/previews","buildConfig":{"runtime":"nodejs20","entryPoint":"previews","source":{"storageSource":{"bucket":"gcf-v2-sources-389387301927-europe-west3","object":"previews/function-source.zip","generation":"1761133142064054"}},"environmentVariables":{"GOOGLE_NODE_RUN_SCRIPTS":""},"dockerRepository":"projects/sequence-five/locations/europe-west3/repositories/gcf-artifacts","sourceProvenance":{"resolvedStorageSource":{"bucket":"gcf-v2-sources-389387301927-europe-west3","object":"previews/function-source.zip","generation":"1761132922345595"}},"dockerRegistry":"ARTIFACT_REGISTRY","serviceAccount":"projects/sequence-five/serviceAccounts/389387301927-compute@developer.gserviceaccount.com","automaticUpdatePolicy":{}},"serviceConfig":{"service":"projects/sequence-five/locations/europe-west3/services/previews","timeoutSeconds":60,"environmentVariables":{"FIREBASE_CONFIG":"{\"projectId\":\"sequence-five\",\"storageBucket\":\"sequence-five.firebasestorage.app\"}","GCLOUD_PROJECT":"sequence-five","EVENTARC_CLOUD_EVENT_SOURCE":"projects/sequence-five/locations/europe-west3/services/previews","FUNCTION_SIGNATURE_TYPE":"cloudevent","FUNCTION_TARGET":"previews","LOG_EXECUTION_ID":"true"},"ingressSettings":"ALLOW_ALL","uri":"https://previews-zrx6bedyfa-ey.a.run.app","serviceAccountEmail":"389387301927-compute@developer.gserviceaccount.com","availableMemory":"256Mi","allTrafficOnLatestRevision":true,"revision":"previews-00229-ziv","maxInstanceRequestConcurrency":80,"availableCpu":"1"},"eventTrigger":{"trigger":"projects/sequence-five/locations/us-central1/triggers/previews-982424","triggerRegion":"us-central1","eventType":"google.cloud.storage.object.v1.finalized","eventFilters":[{"attribute":"bucket","value":"sequence-five.firebasestorage.app"}],"pubsubTopic":"projects/sequence-five/topics/eventarc-us-central1-previews-982424-686","serviceAccountEmail":"389387301927-compute@developer.gserviceaccount.com","retryPolicy":"RETRY_POLICY_DO_NOT_RETRY"},"state":"ACTIVE","labels":{"deployment-tool":"cli-firebase","firebase-functions-hash":"9be271419c810ed76286441909342b7634be15d1"},"environment":"GEN_2","url":"https://europe-west3-sequence-five.cloudfunctions.net/previews","satisfiesPzs":true,"satisfiesPzi":true},"stages":[{"name":"BUILD","state":"NOT_STARTED"},{"name":"SERVICE","state":"NOT_STARTED"},{"name":"TRIGGER","state":"NOT_STARTED"}],"operationType":"UPDATE_FUNCTION"},"done":false}
[debug] [2025-10-22T11:39:03.693Z] [update-default-europe-west3-previews] Retrying task index 0
[debug] [2025-10-22T11:39:03.694Z] Checked if tokens are valid: true, expires at: 1761135327112
[debug] [2025-10-22T11:39:03.694Z] Checked if tokens are valid: true, expires at: 1761135327112
[debug] [2025-10-22T11:39:03.694Z] >>> [apiv2][query] GET https://cloudfunctions.googleapis.com/v2/projects/sequence-five/locations/europe-west3/operations/operation-1761133140557-641bdc33ec095-3e018717-2cad81c2 [none]
[debug] [2025-10-22T11:39:03.806Z] <<< [apiv2][status] GET https://cloudfunctions.googleapis.com/v2/projects/sequence-five/locations/europe-west3/operations/operation-1761133140557-641bdc33ec095-3e018717-2cad81c2 200
[debug] [2025-10-22T11:39:03.806Z] <<< [apiv2][body] GET https://cloudfunctions.googleapis.com/v2/projects/sequence-five/locations/europe-west3/operations/operation-1761133140557-641bdc33ec095-3e018717-2cad81c2 {"name":"projects/sequence-five/locations/europe-west3/operations/operation-1761133140557-641bdc33ec095-3e018717-2cad81c2","metadata":{"@type":"type.googleapis.com/google.cloud.functions.v2.OperationMetadata","createTime":"2025-10-22T11:39:02.103027552Z","target":"projects/sequence-five/locations/europe-west3/functions/previews","verb":"update","cancelRequested":false,"apiVersion":"v2","requestResource":{"@type":"type.googleapis.com/google.cloud.functions.v2.Function","name":"projects/sequence-five/locations/europe-west3/functions/previews","buildConfig":{"runtime":"nodejs20","entryPoint":"previews","source":{"storageSource":{"bucket":"gcf-v2-sources-389387301927-europe-west3","object":"previews/function-source.zip","generation":"1761133142064054"}},"environmentVariables":{"GOOGLE_NODE_RUN_SCRIPTS":""},"dockerRepository":"projects/sequence-five/locations/europe-west3/repositories/gcf-artifacts","sourceProvenance":{"resolvedStorageSource":{"bucket":"gcf-v2-sources-389387301927-europe-west3","object":"previews/function-source.zip","generation":"1761132922345595"}},"dockerRegistry":"ARTIFACT_REGISTRY","serviceAccount":"projects/sequence-five/serviceAccounts/389387301927-compute@developer.gserviceaccount.com","automaticUpdatePolicy":{}},"serviceConfig":{"service":"projects/sequence-five/locations/europe-west3/services/previews","timeoutSeconds":60,"environmentVariables":{"FIREBASE_CONFIG":"{\"projectId\":\"sequence-five\",\"storageBucket\":\"sequence-five.firebasestorage.app\"}","GCLOUD_PROJECT":"sequence-five","EVENTARC_CLOUD_EVENT_SOURCE":"projects/sequence-five/locations/europe-west3/services/previews","FUNCTION_SIGNATURE_TYPE":"cloudevent","FUNCTION_TARGET":"previews","LOG_EXECUTION_ID":"true"},"ingressSettings":"ALLOW_ALL","uri":"https://previews-zrx6bedyfa-ey.a.run.app","serviceAccountEmail":"389387301927-compute@developer.gserviceaccount.com","availableMemory":"256Mi","allTrafficOnLatestRevision":true,"revision":"previews-00229-ziv","maxInstanceRequestConcurrency":80,"availableCpu":"1"},"eventTrigger":{"trigger":"projects/sequence-five/locations/us-central1/triggers/previews-982424","triggerRegion":"us-central1","eventType":"google.cloud.storage.object.v1.finalized","eventFilters":[{"attribute":"bucket","value":"sequence-five.firebasestorage.app"}],"pubsubTopic":"projects/sequence-five/topics/eventarc-us-central1-previews-982424-686","serviceAccountEmail":"389387301927-compute@developer.gserviceaccount.com","retryPolicy":"RETRY_POLICY_DO_NOT_RETRY"},"state":"ACTIVE","labels":{"deployment-tool":"cli-firebase","firebase-functions-hash":"9be271419c810ed76286441909342b7634be15d1"},"environment":"GEN_2","url":"https://europe-west3-sequence-five.cloudfunctions.net/previews","satisfiesPzs":true,"satisfiesPzi":true},"stages":[{"name":"BUILD","message":"Build in progress","state":"IN_PROGRESS","resource":"projects/389387301927/locations/europe-west3/builds/cc2c090a-ce52-47f9-9a1f-a1caf7aa1ae9","resourceUri":"https://console.cloud.google.com/cloud-build/builds;region=europe-west3/cc2c090a-ce52-47f9-9a1f-a1caf7aa1ae9?project=389387301927"},{"name":"SERVICE","state":"NOT_STARTED"},{"name":"TRIGGER","state":"NOT_STARTED"}],"operationType":"UPDATE_FUNCTION","buildName":"projects/389387301927/locations/europe-west3/builds/cc2c090a-ce52-47f9-9a1f-a1caf7aa1ae9"},"done":false}
[debug] [2025-10-22T11:39:05.808Z] [update-default-europe-west3-previews] Retrying task index 0
[debug] [2025-10-22T11:39:05.808Z] Checked if tokens are valid: true, expires at: 1761135327112
[debug] [2025-10-22T11:39:05.808Z] Checked if tokens are valid: true, expires at: 1761135327112
[debug] [2025-10-22T11:39:05.809Z] >>> [apiv2][query] GET https://cloudfunctions.googleapis.com/v2/projects/sequence-five/locations/europe-west3/operations/operation-1761133140557-641bdc33ec095-3e018717-2cad81c2 [none]
[debug] [2025-10-22T11:39:05.898Z] <<< [apiv2][status] GET https://cloudfunctions.googleapis.com/v2/projects/sequence-five/locations/europe-west3/operations/operation-1761133140557-641bdc33ec095-3e018717-2cad81c2 200
[debug] [2025-10-22T11:39:05.899Z] <<< [apiv2][body] GET https://cloudfunctions.googleapis.com/v2/projects/sequence-five/locations/europe-west3/operations/operation-1761133140557-641bdc33ec095-3e018717-2cad81c2 {"name":"projects/sequence-five/locations/europe-west3/operations/operation-1761133140557-641bdc33ec095-3e018717-2cad81c2","metadata":{"@type":"type.googleapis.com/google.cloud.functions.v2.OperationMetadata","createTime":"2025-10-22T11:39:02.103027552Z","target":"projects/sequence-five/locations/europe-west3/functions/previews","verb":"update","cancelRequested":false,"apiVersion":"v2","requestResource":{"@type":"type.googleapis.com/google.cloud.functions.v2.Function","name":"projects/sequence-five/locations/europe-west3/functions/previews","buildConfig":{"runtime":"nodejs20","entryPoint":"previews","source":{"storageSource":{"bucket":"gcf-v2-sources-389387301927-europe-west3","object":"previews/function-source.zip","generation":"1761133142064054"}},"environmentVariables":{"GOOGLE_NODE_RUN_SCRIPTS":""},"dockerRepository":"projects/sequence-five/locations/europe-west3/repositories/gcf-artifacts","sourceProvenance":{"resolvedStorageSource":{"bucket":"gcf-v2-sources-389387301927-europe-west3","object":"previews/function-source.zip","generation":"1761132922345595"}},"dockerRegistry":"ARTIFACT_REGISTRY","serviceAccount":"projects/sequence-five/serviceAccounts/389387301927-compute@developer.gserviceaccount.com","automaticUpdatePolicy":{}},"serviceConfig":{"service":"projects/sequence-five/locations/europe-west3/services/previews","timeoutSeconds":60,"environmentVariables":{"FIREBASE_CONFIG":"{\"projectId\":\"sequence-five\",\"storageBucket\":\"sequence-five.firebasestorage.app\"}","GCLOUD_PROJECT":"sequence-five","EVENTARC_CLOUD_EVENT_SOURCE":"projects/sequence-five/locations/europe-west3/services/previews","FUNCTION_SIGNATURE_TYPE":"cloudevent","FUNCTION_TARGET":"previews","LOG_EXECUTION_ID":"true"},"ingressSettings":"ALLOW_ALL","uri":"https://previews-zrx6bedyfa-ey.a.run.app","serviceAccountEmail":"389387301927-compute@developer.gserviceaccount.com","availableMemory":"256Mi","allTrafficOnLatestRevision":true,"revision":"previews-00229-ziv","maxInstanceRequestConcurrency":80,"availableCpu":"1"},"eventTrigger":{"trigger":"projects/sequence-five/locations/us-central1/triggers/previews-982424","triggerRegion":"us-central1","eventType":"google.cloud.storage.object.v1.finalized","eventFilters":[{"attribute":"bucket","value":"sequence-five.firebasestorage.app"}],"pubsubTopic":"projects/sequence-five/topics/eventarc-us-central1-previews-982424-686","serviceAccountEmail":"389387301927-compute@developer.gserviceaccount.com","retryPolicy":"RETRY_POLICY_DO_NOT_RETRY"},"state":"ACTIVE","labels":{"deployment-tool":"cli-firebase","firebase-functions-hash":"9be271419c810ed76286441909342b7634be15d1"},"environment":"GEN_2","url":"https://europe-west3-sequence-five.cloudfunctions.net/previews","satisfiesPzs":true,"satisfiesPzi":true},"stages":[{"name":"BUILD","message":"Build in progress","state":"IN_PROGRESS","resource":"projects/389387301927/locations/europe-west3/builds/cc2c090a-ce52-47f9-9a1f-a1caf7aa1ae9","resourceUri":"https://console.cloud.google.com/cloud-build/builds;region=europe-west3/cc2c090a-ce52-47f9-9a1f-a1caf7aa1ae9?project=389387301927"},{"name":"SERVICE","state":"NOT_STARTED"},{"name":"TRIGGER","state":"NOT_STARTED"}],"operationType":"UPDATE_FUNCTION","buildName":"projects/389387301927/locations/europe-west3/builds/cc2c090a-ce52-47f9-9a1f-a1caf7aa1ae9"},"done":false}
[debug] [2025-10-22T11:39:09.901Z] [update-default-europe-west3-previews] Retrying task index 0
[debug] [2025-10-22T11:39:09.901Z] Checked if tokens are valid: true, expires at: 1761135327112
[debug] [2025-10-22T11:39:09.901Z] Checked if tokens are valid: true, expires at: 1761135327112
[debug] [2025-10-22T11:39:09.902Z] >>> [apiv2][query] GET https://cloudfunctions.googleapis.com/v2/projects/sequence-five/locations/europe-west3/operations/operation-1761133140557-641bdc33ec095-3e018717-2cad81c2 [none]
[debug] [2025-10-22T11:39:09.998Z] <<< [apiv2][status] GET https://cloudfunctions.googleapis.com/v2/projects/sequence-five/locations/europe-west3/operations/operation-1761133140557-641bdc33ec095-3e018717-2cad81c2 200
[debug] [2025-10-22T11:39:09.999Z] <<< [apiv2][body] GET https://cloudfunctions.googleapis.com/v2/projects/sequence-five/locations/europe-west3/operations/operation-1761133140557-641bdc33ec095-3e018717-2cad81c2 {"name":"projects/sequence-five/locations/europe-west3/operations/operation-1761133140557-641bdc33ec095-3e018717-2cad81c2","metadata":{"@type":"type.googleapis.com/google.cloud.functions.v2.OperationMetadata","createTime":"2025-10-22T11:39:02.103027552Z","target":"projects/sequence-five/locations/europe-west3/functions/previews","verb":"update","cancelRequested":false,"apiVersion":"v2","requestResource":{"@type":"type.googleapis.com/google.cloud.functions.v2.Function","name":"projects/sequence-five/locations/europe-west3/functions/previews","buildConfig":{"runtime":"nodejs20","entryPoint":"previews","source":{"storageSource":{"bucket":"gcf-v2-sources-389387301927-europe-west3","object":"previews/function-source.zip","generation":"1761133142064054"}},"environmentVariables":{"GOOGLE_NODE_RUN_SCRIPTS":""},"dockerRepository":"projects/sequence-five/locations/europe-west3/repositories/gcf-artifacts","sourceProvenance":{"resolvedStorageSource":{"bucket":"gcf-v2-sources-389387301927-europe-west3","object":"previews/function-source.zip","generation":"1761132922345595"}},"dockerRegistry":"ARTIFACT_REGISTRY","serviceAccount":"projects/sequence-five/serviceAccounts/389387301927-compute@developer.gserviceaccount.com","automaticUpdatePolicy":{}},"serviceConfig":{"service":"projects/sequence-five/locations/europe-west3/services/previews","timeoutSeconds":60,"environmentVariables":{"FIREBASE_CONFIG":"{\"projectId\":\"sequence-five\",\"storageBucket\":\"sequence-five.firebasestorage.app\"}","GCLOUD_PROJECT":"sequence-five","EVENTARC_CLOUD_EVENT_SOURCE":"projects/sequence-five/locations/europe-west3/services/previews","FUNCTION_SIGNATURE_TYPE":"cloudevent","FUNCTION_TARGET":"previews","LOG_EXECUTION_ID":"true"},"ingressSettings":"ALLOW_ALL","uri":"https://previews-zrx6bedyfa-ey.a.run.app","serviceAccountEmail":"389387301927-compute@developer.gserviceaccount.com","availableMemory":"256Mi","allTrafficOnLatestRevision":true,"revision":"previews-00229-ziv","maxInstanceRequestConcurrency":80,"availableCpu":"1"},"eventTrigger":{"trigger":"projects/sequence-five/locations/us-central1/triggers/previews-982424","triggerRegion":"us-central1","eventType":"google.cloud.storage.object.v1.finalized","eventFilters":[{"attribute":"bucket","value":"sequence-five.firebasestorage.app"}],"pubsubTopic":"projects/sequence-five/topics/eventarc-us-central1-previews-982424-686","serviceAccountEmail":"389387301927-compute@developer.gserviceaccount.com","retryPolicy":"RETRY_POLICY_DO_NOT_RETRY"},"state":"ACTIVE","labels":{"deployment-tool":"cli-firebase","firebase-functions-hash":"9be271419c810ed76286441909342b7634be15d1"},"environment":"GEN_2","url":"https://europe-west3-sequence-five.cloudfunctions.net/previews","satisfiesPzs":true,"satisfiesPzi":true},"stages":[{"name":"BUILD","message":"Build in progress","state":"IN_PROGRESS","resource":"projects/389387301927/locations/europe-west3/builds/cc2c090a-ce52-47f9-9a1f-a1caf7aa1ae9","resourceUri":"https://console.cloud.google.com/cloud-build/builds;region=europe-west3/cc2c090a-ce52-47f9-9a1f-a1caf7aa1ae9?project=389387301927"},{"name":"SERVICE","state":"NOT_STARTED"},{"name":"TRIGGER","state":"NOT_STARTED"}],"operationType":"UPDATE_FUNCTION","buildName":"projects/389387301927/locations/europe-west3/builds/cc2c090a-ce52-47f9-9a1f-a1caf7aa1ae9"},"done":false}
[debug] [2025-10-22T11:39:18.001Z] [update-default-europe-west3-previews] Retrying task index 0
[debug] [2025-10-22T11:39:18.001Z] Checked if tokens are valid: true, expires at: 1761135327112
[debug] [2025-10-22T11:39:18.002Z] Checked if tokens are valid: true, expires at: 1761135327112
[debug] [2025-10-22T11:39:18.002Z] >>> [apiv2][query] GET https://cloudfunctions.googleapis.com/v2/projects/sequence-five/locations/europe-west3/operations/operation-1761133140557-641bdc33ec095-3e018717-2cad81c2 [none]
[debug] [2025-10-22T11:39:18.122Z] <<< [apiv2][status] GET https://cloudfunctions.googleapis.com/v2/projects/sequence-five/locations/europe-west3/operations/operation-1761133140557-641bdc33ec095-3e018717-2cad81c2 200
[debug] [2025-10-22T11:39:18.122Z] <<< [apiv2][body] GET https://cloudfunctions.googleapis.com/v2/projects/sequence-five/locations/europe-west3/operations/operation-1761133140557-641bdc33ec095-3e018717-2cad81c2 {"name":"projects/sequence-five/locations/europe-west3/operations/operation-1761133140557-641bdc33ec095-3e018717-2cad81c2","metadata":{"@type":"type.googleapis.com/google.cloud.functions.v2.OperationMetadata","createTime":"2025-10-22T11:39:02.103027552Z","target":"projects/sequence-five/locations/europe-west3/functions/previews","verb":"update","cancelRequested":false,"apiVersion":"v2","requestResource":{"@type":"type.googleapis.com/google.cloud.functions.v2.Function","name":"projects/sequence-five/locations/europe-west3/functions/previews","buildConfig":{"runtime":"nodejs20","entryPoint":"previews","source":{"storageSource":{"bucket":"gcf-v2-sources-389387301927-europe-west3","object":"previews/function-source.zip","generation":"1761133142064054"}},"environmentVariables":{"GOOGLE_NODE_RUN_SCRIPTS":""},"dockerRepository":"projects/sequence-five/locations/europe-west3/repositories/gcf-artifacts","sourceProvenance":{"resolvedStorageSource":{"bucket":"gcf-v2-sources-389387301927-europe-west3","object":"previews/function-source.zip","generation":"1761132922345595"}},"dockerRegistry":"ARTIFACT_REGISTRY","serviceAccount":"projects/sequence-five/serviceAccounts/389387301927-compute@developer.gserviceaccount.com","automaticUpdatePolicy":{}},"serviceConfig":{"service":"projects/sequence-five/locations/europe-west3/services/previews","timeoutSeconds":60,"environmentVariables":{"FIREBASE_CONFIG":"{\"projectId\":\"sequence-five\",\"storageBucket\":\"sequence-five.firebasestorage.app\"}","GCLOUD_PROJECT":"sequence-five","EVENTARC_CLOUD_EVENT_SOURCE":"projects/sequence-five/locations/europe-west3/services/previews","FUNCTION_SIGNATURE_TYPE":"cloudevent","FUNCTION_TARGET":"previews","LOG_EXECUTION_ID":"true"},"ingressSettings":"ALLOW_ALL","uri":"https://previews-zrx6bedyfa-ey.a.run.app","serviceAccountEmail":"389387301927-compute@developer.gserviceaccount.com","availableMemory":"256Mi","allTrafficOnLatestRevision":true,"revision":"previews-00229-ziv","maxInstanceRequestConcurrency":80,"availableCpu":"1"},"eventTrigger":{"trigger":"projects/sequence-five/locations/us-central1/triggers/previews-982424","triggerRegion":"us-central1","eventType":"google.cloud.storage.object.v1.finalized","eventFilters":[{"attribute":"bucket","value":"sequence-five.firebasestorage.app"}],"pubsubTopic":"projects/sequence-five/topics/eventarc-us-central1-previews-982424-686","serviceAccountEmail":"389387301927-compute@developer.gserviceaccount.com","retryPolicy":"RETRY_POLICY_DO_NOT_RETRY"},"state":"ACTIVE","labels":{"deployment-tool":"cli-firebase","firebase-functions-hash":"9be271419c810ed76286441909342b7634be15d1"},"environment":"GEN_2","url":"https://europe-west3-sequence-five.cloudfunctions.net/previews","satisfiesPzs":true,"satisfiesPzi":true},"stages":[{"name":"BUILD","message":"Build in progress","state":"IN_PROGRESS","resource":"projects/389387301927/locations/europe-west3/builds/cc2c090a-ce52-47f9-9a1f-a1caf7aa1ae9","resourceUri":"https://console.cloud.google.com/cloud-build/builds;region=europe-west3/cc2c090a-ce52-47f9-9a1f-a1caf7aa1ae9?project=389387301927"},{"name":"SERVICE","state":"NOT_STARTED"},{"name":"TRIGGER","state":"NOT_STARTED"}],"operationType":"UPDATE_FUNCTION","buildName":"projects/389387301927/locations/europe-west3/builds/cc2c090a-ce52-47f9-9a1f-a1caf7aa1ae9"},"done":false}
[debug] [2025-10-22T11:39:28.124Z] [update-default-europe-west3-previews] Retrying task index 0
[debug] [2025-10-22T11:39:28.124Z] Checked if tokens are valid: true, expires at: 1761135327112
[debug] [2025-10-22T11:39:28.124Z] Checked if tokens are valid: true, expires at: 1761135327112
[debug] [2025-10-22T11:39:28.124Z] >>> [apiv2][query] GET https://cloudfunctions.googleapis.com/v2/projects/sequence-five/locations/europe-west3/operations/operation-1761133140557-641bdc33ec095-3e018717-2cad81c2 [none]
[debug] [2025-10-22T11:39:28.263Z] <<< [apiv2][status] GET https://cloudfunctions.googleapis.com/v2/projects/sequence-five/locations/europe-west3/operations/operation-1761133140557-641bdc33ec095-3e018717-2cad81c2 200
[debug] [2025-10-22T11:39:28.264Z] <<< [apiv2][body] GET https://cloudfunctions.googleapis.com/v2/projects/sequence-five/locations/europe-west3/operations/operation-1761133140557-641bdc33ec095-3e018717-2cad81c2 {"name":"projects/sequence-five/locations/europe-west3/operations/operation-1761133140557-641bdc33ec095-3e018717-2cad81c2","metadata":{"@type":"type.googleapis.com/google.cloud.functions.v2.OperationMetadata","createTime":"2025-10-22T11:39:02.103027552Z","target":"projects/sequence-five/locations/europe-west3/functions/previews","verb":"update","cancelRequested":false,"apiVersion":"v2","requestResource":{"@type":"type.googleapis.com/google.cloud.functions.v2.Function","name":"projects/sequence-five/locations/europe-west3/functions/previews","buildConfig":{"runtime":"nodejs20","entryPoint":"previews","source":{"storageSource":{"bucket":"gcf-v2-sources-389387301927-europe-west3","object":"previews/function-source.zip","generation":"1761133142064054"}},"environmentVariables":{"GOOGLE_NODE_RUN_SCRIPTS":""},"dockerRepository":"projects/sequence-five/locations/europe-west3/repositories/gcf-artifacts","sourceProvenance":{"resolvedStorageSource":{"bucket":"gcf-v2-sources-389387301927-europe-west3","object":"previews/function-source.zip","generation":"1761132922345595"}},"dockerRegistry":"ARTIFACT_REGISTRY","serviceAccount":"projects/sequence-five/serviceAccounts/389387301927-compute@developer.gserviceaccount.com","automaticUpdatePolicy":{}},"serviceConfig":{"service":"projects/sequence-five/locations/europe-west3/services/previews","timeoutSeconds":60,"environmentVariables":{"FIREBASE_CONFIG":"{\"projectId\":\"sequence-five\",\"storageBucket\":\"sequence-five.firebasestorage.app\"}","GCLOUD_PROJECT":"sequence-five","EVENTARC_CLOUD_EVENT_SOURCE":"projects/sequence-five/locations/europe-west3/services/previews","FUNCTION_SIGNATURE_TYPE":"cloudevent","FUNCTION_TARGET":"previews","LOG_EXECUTION_ID":"true"},"ingressSettings":"ALLOW_ALL","uri":"https://previews-zrx6bedyfa-ey.a.run.app","serviceAccountEmail":"389387301927-compute@developer.gserviceaccount.com","availableMemory":"256Mi","allTrafficOnLatestRevision":true,"revision":"previews-00229-ziv","maxInstanceRequestConcurrency":80,"availableCpu":"1"},"eventTrigger":{"trigger":"projects/sequence-five/locations/us-central1/triggers/previews-982424","triggerRegion":"us-central1","eventType":"google.cloud.storage.object.v1.finalized","eventFilters":[{"attribute":"bucket","value":"sequence-five.firebasestorage.app"}],"pubsubTopic":"projects/sequence-five/topics/eventarc-us-central1-previews-982424-686","serviceAccountEmail":"389387301927-compute@developer.gserviceaccount.com","retryPolicy":"RETRY_POLICY_DO_NOT_RETRY"},"state":"ACTIVE","labels":{"deployment-tool":"cli-firebase","firebase-functions-hash":"9be271419c810ed76286441909342b7634be15d1"},"environment":"GEN_2","url":"https://europe-west3-sequence-five.cloudfunctions.net/previews","satisfiesPzs":true,"satisfiesPzi":true},"stages":[{"name":"BUILD","message":"Build in progress","state":"IN_PROGRESS","resource":"projects/389387301927/locations/europe-west3/builds/cc2c090a-ce52-47f9-9a1f-a1caf7aa1ae9","resourceUri":"https://console.cloud.google.com/cloud-build/builds;region=europe-west3/cc2c090a-ce52-47f9-9a1f-a1caf7aa1ae9?project=389387301927"},{"name":"SERVICE","state":"NOT_STARTED"},{"name":"TRIGGER","state":"NOT_STARTED"}],"operationType":"UPDATE_FUNCTION","buildName":"projects/389387301927/locations/europe-west3/builds/cc2c090a-ce52-47f9-9a1f-a1caf7aa1ae9"},"done":false}
[debug] [2025-10-22T11:39:38.265Z] [update-default-europe-west3-previews] Retrying task index 0
[debug] [2025-10-22T11:39:38.266Z] Checked if tokens are valid: true, expires at: 1761135327112
[debug] [2025-10-22T11:39:38.266Z] Checked if tokens are valid: true, expires at: 1761135327112
[debug] [2025-10-22T11:39:38.266Z] >>> [apiv2][query] GET https://cloudfunctions.googleapis.com/v2/projects/sequence-five/locations/europe-west3/operations/operation-1761133140557-641bdc33ec095-3e018717-2cad81c2 [none]
[debug] [2025-10-22T11:39:38.422Z] <<< [apiv2][status] GET https://cloudfunctions.googleapis.com/v2/projects/sequence-five/locations/europe-west3/operations/operation-1761133140557-641bdc33ec095-3e018717-2cad81c2 200
[debug] [2025-10-22T11:39:38.423Z] <<< [apiv2][body] GET https://cloudfunctions.googleapis.com/v2/projects/sequence-five/locations/europe-west3/operations/operation-1761133140557-641bdc33ec095-3e018717-2cad81c2 {"name":"projects/sequence-five/locations/europe-west3/operations/operation-1761133140557-641bdc33ec095-3e018717-2cad81c2","metadata":{"@type":"type.googleapis.com/google.cloud.functions.v2.OperationMetadata","createTime":"2025-10-22T11:39:02.103027552Z","target":"projects/sequence-five/locations/europe-west3/functions/previews","verb":"update","cancelRequested":false,"apiVersion":"v2","requestResource":{"@type":"type.googleapis.com/google.cloud.functions.v2.Function","name":"projects/sequence-five/locations/europe-west3/functions/previews","buildConfig":{"runtime":"nodejs20","entryPoint":"previews","source":{"storageSource":{"bucket":"gcf-v2-sources-389387301927-europe-west3","object":"previews/function-source.zip","generation":"1761133142064054"}},"environmentVariables":{"GOOGLE_NODE_RUN_SCRIPTS":""},"dockerRepository":"projects/sequence-five/locations/europe-west3/repositories/gcf-artifacts","sourceProvenance":{"resolvedStorageSource":{"bucket":"gcf-v2-sources-389387301927-europe-west3","object":"previews/function-source.zip","generation":"1761132922345595"}},"dockerRegistry":"ARTIFACT_REGISTRY","serviceAccount":"projects/sequence-five/serviceAccounts/389387301927-compute@developer.gserviceaccount.com","automaticUpdatePolicy":{}},"serviceConfig":{"service":"projects/sequence-five/locations/europe-west3/services/previews","timeoutSeconds":60,"environmentVariables":{"FIREBASE_CONFIG":"{\"projectId\":\"sequence-five\",\"storageBucket\":\"sequence-five.firebasestorage.app\"}","GCLOUD_PROJECT":"sequence-five","EVENTARC_CLOUD_EVENT_SOURCE":"projects/sequence-five/locations/europe-west3/services/previews","FUNCTION_SIGNATURE_TYPE":"cloudevent","FUNCTION_TARGET":"previews","LOG_EXECUTION_ID":"true"},"ingressSettings":"ALLOW_ALL","uri":"https://previews-zrx6bedyfa-ey.a.run.app","serviceAccountEmail":"389387301927-compute@developer.gserviceaccount.com","availableMemory":"256Mi","allTrafficOnLatestRevision":true,"revision":"previews-00229-ziv","maxInstanceRequestConcurrency":80,"availableCpu":"1"},"eventTrigger":{"trigger":"projects/sequence-five/locations/us-central1/triggers/previews-982424","triggerRegion":"us-central1","eventType":"google.cloud.storage.object.v1.finalized","eventFilters":[{"attribute":"bucket","value":"sequence-five.firebasestorage.app"}],"pubsubTopic":"projects/sequence-five/topics/eventarc-us-central1-previews-982424-686","serviceAccountEmail":"389387301927-compute@developer.gserviceaccount.com","retryPolicy":"RETRY_POLICY_DO_NOT_RETRY"},"state":"ACTIVE","labels":{"deployment-tool":"cli-firebase","firebase-functions-hash":"9be271419c810ed76286441909342b7634be15d1"},"environment":"GEN_2","url":"https://europe-west3-sequence-five.cloudfunctions.net/previews","satisfiesPzs":true,"satisfiesPzi":true},"stages":[{"name":"BUILD","message":"Build in progress","state":"IN_PROGRESS","resource":"projects/389387301927/locations/europe-west3/builds/cc2c090a-ce52-47f9-9a1f-a1caf7aa1ae9","resourceUri":"https://console.cloud.google.com/cloud-build/builds;region=europe-west3/cc2c090a-ce52-47f9-9a1f-a1caf7aa1ae9?project=389387301927"},{"name":"SERVICE","state":"NOT_STARTED"},{"name":"TRIGGER","state":"NOT_STARTED"}],"operationType":"UPDATE_FUNCTION","buildName":"projects/389387301927/locations/europe-west3/builds/cc2c090a-ce52-47f9-9a1f-a1caf7aa1ae9"},"done":false}
